c:\users\shinho\desktop\팀폴_c9\trunk\engine\resources\default\debug\vc140.pdb
c:\users\shinho\desktop\팀폴_c9\trunk\engine\resources\default\debug\vc140.idb
c:\users\shinho\desktop\팀폴_c9\trunk\engine\resources\default\debug\dynamicmesh.obj
c:\users\shinho\desktop\팀폴_c9\trunk\engine\resources\default\debug\grid_col.obj
c:\users\shinho\desktop\팀폴_c9\trunk\engine\resources\default\debug\hierarchyloader.obj
c:\users\shinho\desktop\팀폴_c9\trunk\engine\resources\default\debug\line.obj
c:\users\shinho\desktop\팀폴_c9\trunk\engine\resources\default\debug\mesh.obj
c:\users\shinho\desktop\팀폴_c9\trunk\engine\resources\default\debug\navigationmesh.obj
c:\users\shinho\desktop\팀폴_c9\trunk\engine\resources\default\debug\pentagon_texture.obj
c:\users\shinho\desktop\팀폴_c9\trunk\engine\resources\default\debug\rect_color.obj
c:\users\shinho\desktop\팀폴_c9\trunk\engine\resources\default\debug\rect_texture.obj
c:\users\shinho\desktop\팀폴_c9\trunk\engine\resources\default\debug\resource.obj
c:\users\shinho\desktop\팀폴_c9\trunk\engine\resources\default\debug\resource_manager.obj
c:\users\shinho\desktop\팀폴_c9\trunk\engine\resources\default\debug\screen_texture.obj
c:\users\shinho\desktop\팀폴_c9\trunk\engine\resources\default\debug\spheremesh.obj
c:\users\shinho\desktop\팀폴_c9\trunk\engine\resources\default\debug\sphere_color.obj
c:\users\shinho\desktop\팀폴_c9\trunk\engine\resources\default\debug\staticmesh.obj
c:\users\shinho\desktop\팀폴_c9\trunk\engine\resources\default\debug\texture.obj
c:\users\shinho\desktop\팀폴_c9\trunk\engine\resources\default\debug\trail_texture.obj
c:\users\shinho\desktop\팀폴_c9\trunk\engine\resources\default\debug\triangle_color.obj
c:\users\shinho\desktop\팀폴_c9\trunk\engine\resources\default\debug\triangle_texture.obj
c:\users\shinho\desktop\팀폴_c9\trunk\engine\resources\default\debug\vibuffer.obj
c:\users\shinho\desktop\팀폴_c9\trunk\engine\resources\default\debug\animationctrl.obj
c:\users\shinho\desktop\팀폴_c9\trunk\engine\resources\default\debug\cell.obj
c:\users\shinho\desktop\팀폴_c9\trunk\engine\resources\default\debug\cube_color.obj
c:\users\shinho\desktop\팀폴_c9\trunk\engine\resources\default\debug\cube_texture.obj
c:\users\shinho\desktop\팀폴_c9\trunk\engine\resources\bin\resources.ilk
c:\users\shinho\desktop\팀폴_c9\trunk\engine\resources\bin\resources.dll
c:\users\shinho\desktop\팀폴_c9\trunk\engine\resources\bin\resources.pdb
c:\users\shinho\desktop\팀폴_c9\trunk\engine\resources\bin\resources.lib
c:\users\shinho\desktop\팀폴_c9\trunk\engine\resources\bin\resources.exp
c:\users\shinho\desktop\팀폴_c9\trunk\engine\resources\default\../bin\resources.dll
c:\users\shinho\desktop\팀폴_c9\trunk\engine\resources\default\debug\resources.tlog\cl.command.1.tlog
c:\users\shinho\desktop\팀폴_c9\trunk\engine\resources\default\debug\resources.tlog\cl.read.1.tlog
c:\users\shinho\desktop\팀폴_c9\trunk\engine\resources\default\debug\resources.tlog\cl.write.1.tlog
c:\users\shinho\desktop\팀폴_c9\trunk\engine\resources\default\debug\resources.tlog\link.command.1.tlog
c:\users\shinho\desktop\팀폴_c9\trunk\engine\resources\default\debug\resources.tlog\link.read.1.tlog
c:\users\shinho\desktop\팀폴_c9\trunk\engine\resources\default\debug\resources.tlog\link.write.1.tlog
c:\users\shinho\desktop\팀폴_c9\trunk\engine\resources\default\debug\resources.tlog\resources.write.1u.tlog
