c:\users\shinho\desktop\팀폴_c9\trunk\tool\maptool\default\release\maptool.pch
c:\users\shinho\desktop\팀폴_c9\trunk\tool\maptool\default\release\vc140.pdb
c:\users\shinho\desktop\팀폴_c9\trunk\tool\maptool\default\release\stdafx.obj
c:\users\shinho\desktop\팀폴_c9\trunk\tool\maptool\default\release\player.obj
c:\users\shinho\desktop\팀폴_c9\trunk\tool\maptool\default\release\pickingrect.obj
c:\users\shinho\desktop\팀폴_c9\trunk\tool\maptool\default\release\particle.obj
c:\users\shinho\desktop\팀폴_c9\trunk\tool\maptool\default\release\npc.obj
c:\users\shinho\desktop\팀폴_c9\trunk\tool\maptool\default\release\navitab.obj
c:\users\shinho\desktop\팀폴_c9\trunk\tool\maptool\default\release\mousecol.obj
c:\users\shinho\desktop\팀폴_c9\trunk\tool\maptool\default\release\mouse.obj
c:\users\shinho\desktop\팀폴_c9\trunk\tool\maptool\default\release\monster.obj
c:\users\shinho\desktop\팀폴_c9\trunk\tool\maptool\default\release\map_store.obj
c:\users\shinho\desktop\팀폴_c9\trunk\tool\maptool\default\release\map_ice.obj
c:\users\shinho\desktop\팀폴_c9\trunk\tool\maptool\default\release\map_fire.obj
c:\users\shinho\desktop\팀폴_c9\trunk\tool\maptool\default\release\maptooltab.obj
c:\users\shinho\desktop\팀폴_c9\trunk\tool\maptool\default\release\mainapp.obj
c:\users\shinho\desktop\팀폴_c9\trunk\tool\maptool\default\release\environment.obj
c:\users\shinho\desktop\팀폴_c9\trunk\tool\maptool\default\release\cube.obj
c:\users\shinho\desktop\팀폴_c9\trunk\tool\maptool\default\release\camera_maptool.obj
c:\users\shinho\desktop\팀폴_c9\trunk\tool\maptool\default\release\babegazi_warrior_ani.obj
c:\users\shinho\desktop\팀폴_c9\trunk\tool\maptool\default\release\ai_trace.obj
c:\users\shinho\desktop\팀폴_c9\trunk\tool\maptool\default\release\ai_roaming.obj
c:\users\shinho\desktop\팀폴_c9\trunk\tool\maptool\default\release\ai_discovery.obj
c:\users\shinho\desktop\팀폴_c9\trunk\tool\maptool\default\release\maptoolview.obj
c:\users\shinho\desktop\팀폴_c9\trunk\tool\maptool\default\release\maptooldoc.obj
c:\users\shinho\desktop\팀폴_c9\trunk\tool\maptool\default\release\maptool.obj
c:\users\shinho\desktop\팀폴_c9\trunk\tool\maptool\default\release\mainfrm.obj
c:\users\shinho\desktop\팀폴_c9\trunk\tool\maptool\default\release\buttonmenu.obj
c:\users\shinho\desktop\팀폴_c9\trunk\tool\maptool\default\release\trap.obj
c:\users\shinho\desktop\팀폴_c9\trunk\tool\maptool\default\release\sprite.obj
c:\users\shinho\desktop\팀폴_c9\trunk\tool\maptool\default\release\scene_maptool.obj
c:\users\shinho\desktop\팀폴_c9\trunk\tool\maptool\default\release\player_ani.obj
c:\users\shinho\desktop\팀폴_c9\trunk\tool\maptool\bin\maptool.exe
c:\users\shinho\desktop\팀폴_c9\trunk\tool\maptool\bin\maptool.pdb
c:\users\shinho\desktop\팀폴_c9\trunk\tool\maptool\bin\maptool.lib
c:\users\shinho\desktop\팀폴_c9\trunk\tool\maptool\bin\maptool.exp
c:\users\shinho\desktop\팀폴_c9\trunk\tool\maptool\default\release\maptool.res
c:\users\shinho\desktop\팀폴_c9\trunk\tool\maptool\default\../bin\maptool.exe
c:\users\shinho\desktop\팀폴_c9\trunk\tool\maptool\default\release\maptool.tlog\cl.command.1.tlog
c:\users\shinho\desktop\팀폴_c9\trunk\tool\maptool\default\release\maptool.tlog\cl.read.1.tlog
c:\users\shinho\desktop\팀폴_c9\trunk\tool\maptool\default\release\maptool.tlog\cl.write.1.tlog
c:\users\shinho\desktop\팀폴_c9\trunk\tool\maptool\default\release\maptool.tlog\link.command.1.tlog
c:\users\shinho\desktop\팀폴_c9\trunk\tool\maptool\default\release\maptool.tlog\link.read.1.tlog
c:\users\shinho\desktop\팀폴_c9\trunk\tool\maptool\default\release\maptool.tlog\link.write.1.tlog
c:\users\shinho\desktop\팀폴_c9\trunk\tool\maptool\default\release\maptool.tlog\maptool.write.1u.tlog
c:\users\shinho\desktop\팀폴_c9\trunk\tool\maptool\default\release\maptool.tlog\rc.command.1.tlog
c:\users\shinho\desktop\팀폴_c9\trunk\tool\maptool\default\release\maptool.tlog\rc.read.1.tlog
c:\users\shinho\desktop\팀폴_c9\trunk\tool\maptool\default\release\maptool.tlog\rc.write.1.tlog
