c:\users\shinho\desktop\팀폴_c9\trunk\engine\resources\default\release\vc140.pdb
c:\users\shinho\desktop\팀폴_c9\trunk\engine\resources\default\release\texture.obj
c:\users\shinho\desktop\팀폴_c9\trunk\engine\resources\default\release\staticmesh.obj
c:\users\shinho\desktop\팀폴_c9\trunk\engine\resources\default\release\sphere_color.obj
c:\users\shinho\desktop\팀폴_c9\trunk\engine\resources\default\release\spheremesh.obj
c:\users\shinho\desktop\팀폴_c9\trunk\engine\resources\default\release\screen_texture.obj
c:\users\shinho\desktop\팀폴_c9\trunk\engine\resources\default\release\resource_manager.obj
c:\users\shinho\desktop\팀폴_c9\trunk\engine\resources\default\release\resource.obj
c:\users\shinho\desktop\팀폴_c9\trunk\engine\resources\default\release\rect_texture.obj
c:\users\shinho\desktop\팀폴_c9\trunk\engine\resources\default\release\rect_color.obj
c:\users\shinho\desktop\팀폴_c9\trunk\engine\resources\default\release\pentagon_texture.obj
c:\users\shinho\desktop\팀폴_c9\trunk\engine\resources\default\release\navigationmesh.obj
c:\users\shinho\desktop\팀폴_c9\trunk\engine\resources\default\release\mesh.obj
c:\users\shinho\desktop\팀폴_c9\trunk\engine\resources\default\release\line.obj
c:\users\shinho\desktop\팀폴_c9\trunk\engine\resources\default\release\hierarchyloader.obj
c:\users\shinho\desktop\팀폴_c9\trunk\engine\resources\default\release\grid_col.obj
c:\users\shinho\desktop\팀폴_c9\trunk\engine\resources\default\release\dynamicmesh.obj
c:\users\shinho\desktop\팀폴_c9\trunk\engine\resources\default\release\cube_texture.obj
c:\users\shinho\desktop\팀폴_c9\trunk\engine\resources\default\release\cube_color.obj
c:\users\shinho\desktop\팀폴_c9\trunk\engine\resources\default\release\cell.obj
c:\users\shinho\desktop\팀폴_c9\trunk\engine\resources\default\release\animationctrl.obj
c:\users\shinho\desktop\팀폴_c9\trunk\engine\resources\default\release\vibuffer.obj
c:\users\shinho\desktop\팀폴_c9\trunk\engine\resources\default\release\triangle_texture.obj
c:\users\shinho\desktop\팀폴_c9\trunk\engine\resources\default\release\triangle_color.obj
c:\users\shinho\desktop\팀폴_c9\trunk\engine\resources\default\release\trail_texture.obj
c:\users\shinho\desktop\팀폴_c9\trunk\engine\resources\bin\resources.dll
c:\users\shinho\desktop\팀폴_c9\trunk\engine\resources\bin\resources.ipdb
c:\users\shinho\desktop\팀폴_c9\trunk\engine\resources\bin\resources.iobj
c:\users\shinho\desktop\팀폴_c9\trunk\engine\resources\bin\resources.pdb
c:\users\shinho\desktop\팀폴_c9\trunk\engine\resources\bin\resources.lib
c:\users\shinho\desktop\팀폴_c9\trunk\engine\resources\bin\resources.exp
c:\users\shinho\desktop\팀폴_c9\trunk\engine\resources\default\../bin\resources.dll
c:\users\shinho\desktop\팀폴_c9\trunk\engine\resources\default\release\resources.tlog\cl.command.1.tlog
c:\users\shinho\desktop\팀폴_c9\trunk\engine\resources\default\release\resources.tlog\cl.read.1.tlog
c:\users\shinho\desktop\팀폴_c9\trunk\engine\resources\default\release\resources.tlog\cl.write.1.tlog
c:\users\shinho\desktop\팀폴_c9\trunk\engine\resources\default\release\resources.tlog\link.command.1.tlog
c:\users\shinho\desktop\팀폴_c9\trunk\engine\resources\default\release\resources.tlog\link.read.1.tlog
c:\users\shinho\desktop\팀폴_c9\trunk\engine\resources\default\release\resources.tlog\link.write.1.tlog
c:\users\shinho\desktop\팀폴_c9\trunk\engine\resources\default\release\resources.tlog\resources.write.1u.tlog
