c:\users\shinho\desktop\팀폴_c9\trunk\engine\utility\default\debug\vc140.pdb
c:\users\shinho\desktop\팀폴_c9\trunk\engine\utility\default\debug\vc140.idb
c:\users\shinho\desktop\팀폴_c9\trunk\engine\utility\default\debug\component.obj
c:\users\shinho\desktop\팀폴_c9\trunk\engine\utility\default\debug\effect.obj
c:\users\shinho\desktop\팀폴_c9\trunk\engine\utility\default\debug\frustum.obj
c:\users\shinho\desktop\팀폴_c9\trunk\engine\utility\default\debug\gameobject.obj
c:\users\shinho\desktop\팀폴_c9\trunk\engine\utility\default\debug\layer.obj
c:\users\shinho\desktop\팀폴_c9\trunk\engine\utility\default\debug\light.obj
c:\users\shinho\desktop\팀폴_c9\trunk\engine\utility\default\debug\light_manager.obj
c:\users\shinho\desktop\팀폴_c9\trunk\engine\utility\default\debug\management.obj
c:\users\shinho\desktop\팀폴_c9\trunk\engine\utility\default\debug\mediaobj.obj
c:\users\shinho\desktop\팀폴_c9\trunk\engine\utility\default\debug\prototype_manager.obj
c:\users\shinho\desktop\팀폴_c9\trunk\engine\utility\default\debug\renderer.obj
c:\users\shinho\desktop\팀폴_c9\trunk\engine\utility\default\debug\rigidbody.obj
c:\users\shinho\desktop\팀폴_c9\trunk\engine\utility\default\debug\scene.obj
c:\users\shinho\desktop\팀폴_c9\trunk\engine\utility\default\debug\shader.obj
c:\users\shinho\desktop\팀폴_c9\trunk\engine\utility\default\debug\spherecollider.obj
c:\users\shinho\desktop\팀폴_c9\trunk\engine\utility\default\debug\target.obj
c:\users\shinho\desktop\팀폴_c9\trunk\engine\utility\default\debug\target_manager.obj
c:\users\shinho\desktop\팀폴_c9\trunk\engine\utility\default\debug\texturerenderer.obj
c:\users\shinho\desktop\팀폴_c9\trunk\engine\utility\default\debug\transform.obj
c:\users\shinho\desktop\팀폴_c9\trunk\engine\utility\default\debug\uicalculater.obj
c:\users\shinho\desktop\팀폴_c9\trunk\engine\utility\default\debug\ai.obj
c:\users\shinho\desktop\팀폴_c9\trunk\engine\utility\default\debug\ai_state.obj
c:\users\shinho\desktop\팀폴_c9\trunk\engine\utility\default\debug\animationstate.obj
c:\users\shinho\desktop\팀폴_c9\trunk\engine\utility\default\debug\animator.obj
c:\users\shinho\desktop\팀폴_c9\trunk\engine\utility\default\debug\boxcollider.obj
c:\users\shinho\desktop\팀폴_c9\trunk\engine\utility\default\debug\calculator.obj
c:\users\shinho\desktop\팀폴_c9\trunk\engine\utility\default\debug\camera.obj
c:\users\shinho\desktop\팀폴_c9\trunk\engine\utility\default\debug\cameramgr.obj
c:\users\shinho\desktop\팀폴_c9\trunk\engine\utility\default\debug\collider.obj
c:\users\shinho\desktop\팀폴_c9\trunk\engine\utility\default\debug\collision_manager.obj
c:\users\shinho\desktop\팀폴_c9\trunk\engine\utility\bin\utility.ilk
c:\users\shinho\desktop\팀폴_c9\trunk\engine\utility\bin\utility.dll
c:\users\shinho\desktop\팀폴_c9\trunk\engine\utility\bin\utility.pdb
c:\users\shinho\desktop\팀폴_c9\trunk\engine\utility\bin\utility.lib
c:\users\shinho\desktop\팀폴_c9\trunk\engine\utility\bin\utility.exp
c:\users\shinho\desktop\팀폴_c9\trunk\engine\utility\default\../bin\utility.dll
c:\users\shinho\desktop\팀폴_c9\trunk\engine\utility\default\debug\utility.tlog\cl.command.1.tlog
c:\users\shinho\desktop\팀폴_c9\trunk\engine\utility\default\debug\utility.tlog\cl.read.1.tlog
c:\users\shinho\desktop\팀폴_c9\trunk\engine\utility\default\debug\utility.tlog\cl.write.1.tlog
c:\users\shinho\desktop\팀폴_c9\trunk\engine\utility\default\debug\utility.tlog\link.command.1.tlog
c:\users\shinho\desktop\팀폴_c9\trunk\engine\utility\default\debug\utility.tlog\link.read.1.tlog
c:\users\shinho\desktop\팀폴_c9\trunk\engine\utility\default\debug\utility.tlog\link.write.1.tlog
c:\users\shinho\desktop\팀폴_c9\trunk\engine\utility\default\debug\utility.tlog\utility.write.1u.tlog
