c:\users\shinho\desktop\팀폴_c9\trunk\engine\utility\default\release\vc140.pdb
c:\users\shinho\desktop\팀폴_c9\trunk\engine\utility\default\release\prototype_manager.obj
c:\users\shinho\desktop\팀폴_c9\trunk\engine\utility\default\release\mediaobj.obj
c:\users\shinho\desktop\팀폴_c9\trunk\engine\utility\default\release\management.obj
c:\users\shinho\desktop\팀폴_c9\trunk\engine\utility\default\release\light_manager.obj
c:\users\shinho\desktop\팀폴_c9\trunk\engine\utility\default\release\light.obj
c:\users\shinho\desktop\팀폴_c9\trunk\engine\utility\default\release\layer.obj
c:\users\shinho\desktop\팀폴_c9\trunk\engine\utility\default\release\gameobject.obj
c:\users\shinho\desktop\팀폴_c9\trunk\engine\utility\default\release\frustum.obj
c:\users\shinho\desktop\팀폴_c9\trunk\engine\utility\default\release\effect.obj
c:\users\shinho\desktop\팀폴_c9\trunk\engine\utility\default\release\component.obj
c:\users\shinho\desktop\팀폴_c9\trunk\engine\utility\default\release\collision_manager.obj
c:\users\shinho\desktop\팀폴_c9\trunk\engine\utility\default\release\collider.obj
c:\users\shinho\desktop\팀폴_c9\trunk\engine\utility\default\release\cameramgr.obj
c:\users\shinho\desktop\팀폴_c9\trunk\engine\utility\default\release\camera.obj
c:\users\shinho\desktop\팀폴_c9\trunk\engine\utility\default\release\calculator.obj
c:\users\shinho\desktop\팀폴_c9\trunk\engine\utility\default\release\boxcollider.obj
c:\users\shinho\desktop\팀폴_c9\trunk\engine\utility\default\release\animator.obj
c:\users\shinho\desktop\팀폴_c9\trunk\engine\utility\default\release\animationstate.obj
c:\users\shinho\desktop\팀폴_c9\trunk\engine\utility\default\release\ai_state.obj
c:\users\shinho\desktop\팀폴_c9\trunk\engine\utility\default\release\ai.obj
c:\users\shinho\desktop\팀폴_c9\trunk\engine\utility\default\release\uicalculater.obj
c:\users\shinho\desktop\팀폴_c9\trunk\engine\utility\default\release\transform.obj
c:\users\shinho\desktop\팀폴_c9\trunk\engine\utility\default\release\texturerenderer.obj
c:\users\shinho\desktop\팀폴_c9\trunk\engine\utility\default\release\target_manager.obj
c:\users\shinho\desktop\팀폴_c9\trunk\engine\utility\default\release\target.obj
c:\users\shinho\desktop\팀폴_c9\trunk\engine\utility\default\release\spherecollider.obj
c:\users\shinho\desktop\팀폴_c9\trunk\engine\utility\default\release\shader.obj
c:\users\shinho\desktop\팀폴_c9\trunk\engine\utility\default\release\scene.obj
c:\users\shinho\desktop\팀폴_c9\trunk\engine\utility\default\release\rigidbody.obj
c:\users\shinho\desktop\팀폴_c9\trunk\engine\utility\default\release\renderer.obj
c:\users\shinho\desktop\팀폴_c9\trunk\engine\utility\bin\utility.dll
c:\users\shinho\desktop\팀폴_c9\trunk\engine\utility\bin\utility.ipdb
c:\users\shinho\desktop\팀폴_c9\trunk\engine\utility\bin\utility.iobj
c:\users\shinho\desktop\팀폴_c9\trunk\engine\utility\bin\utility.pdb
c:\users\shinho\desktop\팀폴_c9\trunk\engine\utility\bin\utility.lib
c:\users\shinho\desktop\팀폴_c9\trunk\engine\utility\bin\utility.exp
c:\users\shinho\desktop\팀폴_c9\trunk\engine\utility\default\../bin\utility.dll
c:\users\shinho\desktop\팀폴_c9\trunk\engine\utility\default\release\utility.tlog\cl.command.1.tlog
c:\users\shinho\desktop\팀폴_c9\trunk\engine\utility\default\release\utility.tlog\cl.read.1.tlog
c:\users\shinho\desktop\팀폴_c9\trunk\engine\utility\default\release\utility.tlog\cl.write.1.tlog
c:\users\shinho\desktop\팀폴_c9\trunk\engine\utility\default\release\utility.tlog\link.command.1.tlog
c:\users\shinho\desktop\팀폴_c9\trunk\engine\utility\default\release\utility.tlog\link.read.1.tlog
c:\users\shinho\desktop\팀폴_c9\trunk\engine\utility\default\release\utility.tlog\link.write.1.tlog
c:\users\shinho\desktop\팀폴_c9\trunk\engine\utility\default\release\utility.tlog\utility.write.1u.tlog
