c:\users\shinho\desktop\팀폴_c9\trunk\tool\effecttool\default\debug\effecttool.pch
c:\users\shinho\desktop\팀폴_c9\trunk\tool\effecttool\default\debug\vc140.pdb
c:\users\shinho\desktop\팀폴_c9\trunk\tool\effecttool\default\debug\vc140.idb
c:\users\shinho\desktop\팀폴_c9\trunk\tool\effecttool\default\debug\stdafx.obj
c:\users\shinho\desktop\팀폴_c9\trunk\tool\effecttool\default\debug\batch.obj
c:\users\shinho\desktop\팀폴_c9\trunk\tool\effecttool\default\debug\effectcamera.obj
c:\users\shinho\desktop\팀폴_c9\trunk\tool\effecttool\default\debug\effecttool.obj
c:\users\shinho\desktop\팀폴_c9\trunk\tool\effecttool\default\debug\effecttooldoc.obj
c:\users\shinho\desktop\팀폴_c9\trunk\tool\effecttool\default\debug\effecttoolview.obj
c:\users\shinho\desktop\팀폴_c9\trunk\tool\effecttool\default\debug\grid.obj
c:\users\shinho\desktop\팀폴_c9\trunk\tool\effecttool\default\debug\mainfrm.obj
c:\users\shinho\desktop\팀폴_c9\trunk\tool\effecttool\default\debug\myform.obj
c:\users\shinho\desktop\팀폴_c9\trunk\tool\effecttool\default\debug\particle.obj
c:\users\shinho\desktop\팀폴_c9\trunk\tool\effecttool\default\debug\particledig.obj
c:\users\shinho\desktop\팀폴_c9\trunk\tool\effecttool\default\debug\sprite.obj
c:\users\shinho\desktop\팀폴_c9\trunk\tool\effecttool\default\debug\spritedig.obj
c:\users\shinho\desktop\팀폴_c9\trunk\tool\effecttool\default\debug\toolapp.obj
c:\users\shinho\desktop\팀폴_c9\trunk\tool\effecttool\default\debug\toolstage.obj
c:\users\shinho\desktop\팀폴_c9\trunk\tool\effecttool\bin\effecttool.lib
c:\users\shinho\desktop\팀폴_c9\trunk\tool\effecttool\bin\effecttool.exp
c:\users\shinho\desktop\팀폴_c9\trunk\tool\effecttool\bin\effecttool.ilk
c:\users\shinho\desktop\팀폴_c9\trunk\tool\effecttool\bin\effecttool.exe
c:\users\shinho\desktop\팀폴_c9\trunk\tool\effecttool\bin\effecttool.pdb
c:\users\shinho\desktop\팀폴_c9\trunk\tool\effecttool\default\debug\effecttool.res
c:\users\shinho\desktop\팀폴_c9\trunk\tool\effecttool\default\../bin\effecttool.exe
c:\users\shinho\desktop\팀폴_c9\trunk\tool\effecttool\default\debug\effecttool.tlog\cl.command.1.tlog
c:\users\shinho\desktop\팀폴_c9\trunk\tool\effecttool\default\debug\effecttool.tlog\cl.read.1.tlog
c:\users\shinho\desktop\팀폴_c9\trunk\tool\effecttool\default\debug\effecttool.tlog\cl.write.1.tlog
c:\users\shinho\desktop\팀폴_c9\trunk\tool\effecttool\default\debug\effecttool.tlog\effecttool.write.1u.tlog
c:\users\shinho\desktop\팀폴_c9\trunk\tool\effecttool\default\debug\effecttool.tlog\link.command.1.tlog
c:\users\shinho\desktop\팀폴_c9\trunk\tool\effecttool\default\debug\effecttool.tlog\link.read.1.tlog
c:\users\shinho\desktop\팀폴_c9\trunk\tool\effecttool\default\debug\effecttool.tlog\link.write.1.tlog
c:\users\shinho\desktop\팀폴_c9\trunk\tool\effecttool\default\debug\effecttool.tlog\rc.command.1.tlog
c:\users\shinho\desktop\팀폴_c9\trunk\tool\effecttool\default\debug\effecttool.tlog\rc.read.1.tlog
c:\users\shinho\desktop\팀폴_c9\trunk\tool\effecttool\default\debug\effecttool.tlog\rc.write.1.tlog
