c:\users\shinho\desktop\팀폴_c9\trunk\tool\effecttool\default\release\effecttool.pch
c:\users\shinho\desktop\팀폴_c9\trunk\tool\effecttool\default\release\vc140.pdb
c:\users\shinho\desktop\팀폴_c9\trunk\tool\effecttool\default\release\stdafx.obj
c:\users\shinho\desktop\팀폴_c9\trunk\tool\effecttool\default\release\toolstage.obj
c:\users\shinho\desktop\팀폴_c9\trunk\tool\effecttool\default\release\toolapp.obj
c:\users\shinho\desktop\팀폴_c9\trunk\tool\effecttool\default\release\spritedig.obj
c:\users\shinho\desktop\팀폴_c9\trunk\tool\effecttool\default\release\sprite.obj
c:\users\shinho\desktop\팀폴_c9\trunk\tool\effecttool\default\release\particledig.obj
c:\users\shinho\desktop\팀폴_c9\trunk\tool\effecttool\default\release\particle.obj
c:\users\shinho\desktop\팀폴_c9\trunk\tool\effecttool\default\release\myform.obj
c:\users\shinho\desktop\팀폴_c9\trunk\tool\effecttool\default\release\mainfrm.obj
c:\users\shinho\desktop\팀폴_c9\trunk\tool\effecttool\default\release\grid.obj
c:\users\shinho\desktop\팀폴_c9\trunk\tool\effecttool\default\release\effecttoolview.obj
c:\users\shinho\desktop\팀폴_c9\trunk\tool\effecttool\default\release\effecttooldoc.obj
c:\users\shinho\desktop\팀폴_c9\trunk\tool\effecttool\default\release\effecttool.obj
c:\users\shinho\desktop\팀폴_c9\trunk\tool\effecttool\default\release\effectcamera.obj
c:\users\shinho\desktop\팀폴_c9\trunk\tool\effecttool\default\release\batch.obj
c:\users\shinho\desktop\팀폴_c9\trunk\tool\effecttool\bin\effecttool.lib
c:\users\shinho\desktop\팀폴_c9\trunk\tool\effecttool\bin\effecttool.exp
c:\users\shinho\desktop\팀폴_c9\trunk\tool\effecttool\bin\effecttool.exe
c:\users\shinho\desktop\팀폴_c9\trunk\tool\effecttool\bin\effecttool.pdb
c:\users\shinho\desktop\팀폴_c9\trunk\tool\effecttool\default\release\effecttool.res
c:\users\shinho\desktop\팀폴_c9\trunk\tool\effecttool\default\../bin\effecttool.exe
c:\users\shinho\desktop\팀폴_c9\trunk\tool\effecttool\default\release\effecttool.tlog\cl.command.1.tlog
c:\users\shinho\desktop\팀폴_c9\trunk\tool\effecttool\default\release\effecttool.tlog\cl.read.1.tlog
c:\users\shinho\desktop\팀폴_c9\trunk\tool\effecttool\default\release\effecttool.tlog\cl.write.1.tlog
c:\users\shinho\desktop\팀폴_c9\trunk\tool\effecttool\default\release\effecttool.tlog\effecttool.write.1u.tlog
c:\users\shinho\desktop\팀폴_c9\trunk\tool\effecttool\default\release\effecttool.tlog\link.command.1.tlog
c:\users\shinho\desktop\팀폴_c9\trunk\tool\effecttool\default\release\effecttool.tlog\link.read.1.tlog
c:\users\shinho\desktop\팀폴_c9\trunk\tool\effecttool\default\release\effecttool.tlog\link.write.1.tlog
c:\users\shinho\desktop\팀폴_c9\trunk\tool\effecttool\default\release\effecttool.tlog\rc.command.1.tlog
c:\users\shinho\desktop\팀폴_c9\trunk\tool\effecttool\default\release\effecttool.tlog\rc.read.1.tlog
c:\users\shinho\desktop\팀폴_c9\trunk\tool\effecttool\default\release\effecttool.tlog\rc.write.1.tlog
