c:\users\shinho\desktop\팀폴_c9\trunk\client\default\debug\client.pch
c:\users\shinho\desktop\팀폴_c9\trunk\client\default\debug\vc140.pdb
c:\users\shinho\desktop\팀폴_c9\trunk\client\default\debug\vc140.idb
c:\users\shinho\desktop\팀폴_c9\trunk\client\default\debug\stdafx.obj
c:\users\shinho\desktop\팀폴_c9\trunk\client\default\debug\viperkneekick.obj
c:\users\shinho\desktop\팀폴_c9\trunk\client\default\debug\volcano.obj
c:\users\shinho\desktop\팀폴_c9\trunk\client\default\debug\wave.obj
c:\users\shinho\desktop\팀폴_c9\trunk\client\default\debug\weapon.obj
c:\users\shinho\desktop\팀폴_c9\trunk\client\default\debug\wear_tooltip.obj
c:\users\shinho\desktop\팀폴_c9\trunk\client\default\debug\whirlwind.obj
c:\users\shinho\desktop\팀폴_c9\trunk\client\default\debug\wind.obj
c:\users\shinho\desktop\팀폴_c9\trunk\client\default\debug\window_cancle.obj
c:\users\shinho\desktop\팀폴_c9\trunk\client\default\debug\window_info.obj
c:\users\shinho\desktop\팀폴_c9\trunk\client\default\debug\witchblade.obj
c:\users\shinho\desktop\팀폴_c9\trunk\client\default\debug\witchbladeweapon.obj
c:\users\shinho\desktop\팀폴_c9\trunk\client\default\debug\witch_dungeon.obj
c:\users\shinho\desktop\팀폴_c9\trunk\client\default\debug\witch_fight.obj
c:\users\shinho\desktop\팀폴_c9\trunk\client\default\debug\witch_state.obj
c:\users\shinho\desktop\팀폴_c9\trunk\client\default\debug\witch_town.obj
c:\users\shinho\desktop\팀폴_c9\trunk\client\default\debug\worldcamera.obj
c:\users\shinho\desktop\팀폴_c9\trunk\client\default\debug\astarmanager.obj
c:\users\shinho\desktop\팀폴_c9\trunk\client\default\debug\world_hp_bar.obj
c:\users\shinho\desktop\팀폴_c9\trunk\client\default\debug\world_hp_gage.obj
c:\users\shinho\desktop\팀폴_c9\trunk\client\default\debug\client.obj
c:\users\shinho\desktop\팀폴_c9\trunk\client\default\debug\ui_siluetdance.obj
c:\users\shinho\desktop\팀폴_c9\trunk\client\default\debug\ui_skill.obj
c:\users\shinho\desktop\팀폴_c9\trunk\client\default\debug\ui_softranding.obj
c:\users\shinho\desktop\팀폴_c9\trunk\client\default\debug\ui_spincrash.obj
c:\users\shinho\desktop\팀폴_c9\trunk\client\default\debug\ui_spiningheart.obj
c:\users\shinho\desktop\팀폴_c9\trunk\client\default\debug\ui_spinturn.obj
c:\users\shinho\desktop\팀폴_c9\trunk\client\default\debug\ui_spirerdance.obj
c:\users\shinho\desktop\팀폴_c9\trunk\client\default\debug\ui_techdown.obj
c:\users\shinho\desktop\팀폴_c9\trunk\client\default\debug\ui_trickyrabbit.obj
c:\users\shinho\desktop\팀폴_c9\trunk\client\default\debug\ui_upatt.obj
c:\users\shinho\desktop\팀폴_c9\trunk\client\default\debug\ui_upperkick.obj
c:\users\shinho\desktop\팀폴_c9\trunk\client\default\debug\ui_urbanbreak.obj
c:\users\shinho\desktop\팀폴_c9\trunk\client\default\debug\ui_violet.obj
c:\users\shinho\desktop\팀폴_c9\trunk\client\default\debug\ui_viperkick.obj
c:\users\shinho\desktop\팀폴_c9\trunk\client\default\debug\ui_weapon.obj
c:\users\shinho\desktop\팀폴_c9\trunk\client\default\debug\upjuk_center.obj
c:\users\shinho\desktop\팀폴_c9\trunk\client\default\debug\upjuk_effect.obj
c:\users\shinho\desktop\팀폴_c9\trunk\client\default\debug\upjuk_effect2.obj
c:\users\shinho\desktop\팀폴_c9\trunk\client\default\debug\upjuk_ud.obj
c:\users\shinho\desktop\팀폴_c9\trunk\client\default\debug\violetcross.obj
c:\users\shinho\desktop\팀폴_c9\trunk\client\default\debug\ui_gravity.obj
c:\users\shinho\desktop\팀폴_c9\trunk\client\default\debug\ui_helmet.obj
c:\users\shinho\desktop\팀폴_c9\trunk\client\default\debug\ui_hillturn.obj
c:\users\shinho\desktop\팀폴_c9\trunk\client\default\debug\ui_holdshot.obj
c:\users\shinho\desktop\팀폴_c9\trunk\client\default\debug\ui_item.obj
c:\users\shinho\desktop\팀폴_c9\trunk\client\default\debug\ui_jumpdownkick.obj
c:\users\shinho\desktop\팀폴_c9\trunk\client\default\debug\ui_leg.obj
c:\users\shinho\desktop\팀폴_c9\trunk\client\default\debug\ui_liddlekick.obj
c:\users\shinho\desktop\팀폴_c9\trunk\client\default\debug\ui_lockon.obj
c:\users\shinho\desktop\팀폴_c9\trunk\client\default\debug\ui_maxhpup.obj
c:\users\shinho\desktop\팀폴_c9\trunk\client\default\debug\ui_maxmpup.obj
c:\users\shinho\desktop\팀폴_c9\trunk\client\default\debug\ui_movingcannon.obj
c:\users\shinho\desktop\팀폴_c9\trunk\client\default\debug\ui_planitdance.obj
c:\users\shinho\desktop\팀폴_c9\trunk\client\default\debug\ui_plora.obj
c:\users\shinho\desktop\팀폴_c9\trunk\client\default\debug\ui_potion.obj
c:\users\shinho\desktop\팀폴_c9\trunk\client\default\debug\ui_ring.obj
c:\users\shinho\desktop\팀폴_c9\trunk\client\default\debug\ui_rush.obj
c:\users\shinho\desktop\팀폴_c9\trunk\client\default\debug\ui_shellbuster.obj
c:\users\shinho\desktop\팀폴_c9\trunk\client\default\debug\ui_shorder.obj
c:\users\shinho\desktop\팀폴_c9\trunk\client\default\debug\ui_shotjump.obj
c:\users\shinho\desktop\팀폴_c9\trunk\client\default\debug\ui_blackrose.obj
c:\users\shinho\desktop\팀폴_c9\trunk\client\default\debug\ui_blaresiluet.obj
c:\users\shinho\desktop\팀폴_c9\trunk\client\default\debug\ui_bloodagil.obj
c:\users\shinho\desktop\팀폴_c9\trunk\client\default\debug\ui_boots.obj
c:\users\shinho\desktop\팀폴_c9\trunk\client\default\debug\ui_criticalup.obj
c:\users\shinho\desktop\팀폴_c9\trunk\client\default\debug\ui_crossbrits.obj
c:\users\shinho\desktop\팀폴_c9\trunk\client\default\debug\ui_darkpolling.obj
c:\users\shinho\desktop\팀폴_c9\trunk\client\default\debug\ui_dash.obj
c:\users\shinho\desktop\팀폴_c9\trunk\client\default\debug\ui_dualblade.obj
c:\users\shinho\desktop\팀폴_c9\trunk\client\default\debug\ui_earing.obj
c:\users\shinho\desktop\팀폴_c9\trunk\client\default\debug\ui_escape.obj
c:\users\shinho\desktop\팀폴_c9\trunk\client\default\debug\ui_evadeatt.obj
c:\users\shinho\desktop\팀폴_c9\trunk\client\default\debug\ui_fade_line.obj
c:\users\shinho\desktop\팀폴_c9\trunk\client\default\debug\ui_fade_sub.obj
c:\users\shinho\desktop\팀폴_c9\trunk\client\default\debug\ui_fade_title.obj
c:\users\shinho\desktop\팀폴_c9\trunk\client\default\debug\ui_firem.obj
c:\users\shinho\desktop\팀폴_c9\trunk\client\default\debug\ui_fladgeblade.obj
c:\users\shinho\desktop\팀폴_c9\trunk\client\default\debug\ui_flydance.obj
c:\users\shinho\desktop\팀폴_c9\trunk\client\default\debug\ui_geilshot.obj
c:\users\shinho\desktop\팀폴_c9\trunk\client\default\debug\ui_glove.obj
c:\users\shinho\desktop\팀폴_c9\trunk\client\default\debug\softranding.obj
c:\users\shinho\desktop\팀폴_c9\trunk\client\default\debug\sphereparticle.obj
c:\users\shinho\desktop\팀폴_c9\trunk\client\default\debug\spinturnthrust.obj
c:\users\shinho\desktop\팀폴_c9\trunk\client\default\debug\sprite.obj
c:\users\shinho\desktop\팀폴_c9\trunk\client\default\debug\cooltime.obj
c:\users\shinho\desktop\팀폴_c9\trunk\client\default\debug\srdust.obj
c:\users\shinho\desktop\팀폴_c9\trunk\client\default\debug\srparticle.obj
c:\users\shinho\desktop\팀폴_c9\trunk\client\default\debug\state_bar.obj
c:\users\shinho\desktop\팀폴_c9\trunk\client\default\debug\state_base.obj
c:\users\shinho\desktop\팀폴_c9\trunk\client\default\debug\state_gage.obj
c:\users\shinho\desktop\팀폴_c9\trunk\client\default\debug\system_base.obj
c:\users\shinho\desktop\팀폴_c9\trunk\client\default\debug\tired_gage.obj
c:\users\shinho\desktop\팀폴_c9\trunk\client\default\debug\tooltip.obj
c:\users\shinho\desktop\팀폴_c9\trunk\client\default\debug\trail.obj
c:\users\shinho\desktop\팀폴_c9\trunk\client\default\debug\ui.obj
c:\users\shinho\desktop\팀폴_c9\trunk\client\default\debug\uicamera.obj
c:\users\shinho\desktop\팀폴_c9\trunk\client\default\debug\ui_amulet.obj
c:\users\shinho\desktop\팀폴_c9\trunk\client\default\debug\ui_armlet.obj
c:\users\shinho\desktop\팀폴_c9\trunk\client\default\debug\ui_armor.obj
c:\users\shinho\desktop\팀폴_c9\trunk\client\default\debug\ui_belt.obj
c:\users\shinho\desktop\팀폴_c9\trunk\client\default\debug\select_char_model.obj
c:\users\shinho\desktop\팀폴_c9\trunk\client\default\debug\select_side_bar.obj
c:\users\shinho\desktop\팀폴_c9\trunk\client\default\debug\shop_base.obj
c:\users\shinho\desktop\팀폴_c9\trunk\client\default\debug\shop_block.obj
c:\users\shinho\desktop\팀폴_c9\trunk\client\default\debug\shop_cancle.obj
c:\users\shinho\desktop\팀폴_c9\trunk\client\default\debug\shop_sheet.obj
c:\users\shinho\desktop\팀폴_c9\trunk\client\default\debug\shop_tooltip.obj
c:\users\shinho\desktop\팀폴_c9\trunk\client\default\debug\shorder_space.obj
c:\users\shinho\desktop\팀폴_c9\trunk\client\default\debug\skillstone_space.obj
c:\users\shinho\desktop\팀폴_c9\trunk\client\default\debug\skill_avi.obj
c:\users\shinho\desktop\팀폴_c9\trunk\client\default\debug\skill_base.obj
c:\users\shinho\desktop\팀폴_c9\trunk\client\default\debug\skill_block.obj
c:\users\shinho\desktop\팀폴_c9\trunk\client\default\debug\skill_sheet.obj
c:\users\shinho\desktop\팀폴_c9\trunk\client\default\debug\skill_tooltip.obj
c:\users\shinho\desktop\팀폴_c9\trunk\client\default\debug\slide_backsound.obj
c:\users\shinho\desktop\팀폴_c9\trunk\client\default\debug\slide_bloom.obj
c:\users\shinho\desktop\팀폴_c9\trunk\client\default\debug\slide_bright.obj
c:\users\shinho\desktop\팀폴_c9\trunk\client\default\debug\slide_effectsound.obj
c:\users\shinho\desktop\팀폴_c9\trunk\client\default\debug\slot_down_button.obj
c:\users\shinho\desktop\팀폴_c9\trunk\client\default\debug\slot_up_button.obj
c:\users\shinho\desktop\팀폴_c9\trunk\client\default\debug\portal.obj
c:\users\shinho\desktop\팀폴_c9\trunk\client\default\debug\reflect.obj
c:\users\shinho\desktop\팀폴_c9\trunk\client\default\debug\reflectmesh.obj
c:\users\shinho\desktop\팀폴_c9\trunk\client\default\debug\riddlekick.obj
c:\users\shinho\desktop\팀폴_c9\trunk\client\default\debug\ring.obj
c:\users\shinho\desktop\팀폴_c9\trunk\client\default\debug\ring1_space.obj
c:\users\shinho\desktop\팀폴_c9\trunk\client\default\debug\ring2_space.obj
c:\users\shinho\desktop\팀폴_c9\trunk\client\default\debug\riseattack.obj
c:\users\shinho\desktop\팀폴_c9\trunk\client\default\debug\r_weapon_space.obj
c:\users\shinho\desktop\팀폴_c9\trunk\client\default\debug\scene_create.obj
c:\users\shinho\desktop\팀폴_c9\trunk\client\default\debug\scene_loadingforice.obj
c:\users\shinho\desktop\팀폴_c9\trunk\client\default\debug\scene_loadingfortown.obj
c:\users\shinho\desktop\팀폴_c9\trunk\client\default\debug\scene_login.obj
c:\users\shinho\desktop\팀폴_c9\trunk\client\default\debug\scene_logo.obj
c:\users\shinho\desktop\팀폴_c9\trunk\client\default\debug\scene_select.obj
c:\users\shinho\desktop\팀폴_c9\trunk\client\default\debug\scene_stage_ice.obj
c:\users\shinho\desktop\팀폴_c9\trunk\client\default\debug\scene_town.obj
c:\users\shinho\desktop\팀폴_c9\trunk\client\default\debug\screenspacedecal.obj
c:\users\shinho\desktop\팀폴_c9\trunk\client\default\debug\select_background.obj
c:\users\shinho\desktop\팀폴_c9\trunk\client\default\debug\select_char_button.obj
c:\users\shinho\desktop\팀폴_c9\trunk\client\default\debug\option_base.obj
c:\users\shinho\desktop\팀폴_c9\trunk\client\default\debug\option_guild.obj
c:\users\shinho\desktop\팀폴_c9\trunk\client\default\debug\option_help.obj
c:\users\shinho\desktop\팀폴_c9\trunk\client\default\debug\option_home.obj
c:\users\shinho\desktop\팀폴_c9\trunk\client\default\debug\option_j.obj
c:\users\shinho\desktop\팀폴_c9\trunk\client\default\debug\option_o.obj
c:\users\shinho\desktop\팀폴_c9\trunk\client\default\debug\option_p.obj
c:\users\shinho\desktop\팀폴_c9\trunk\client\default\debug\option_quest.obj
c:\users\shinho\desktop\팀폴_c9\trunk\client\default\debug\option_skill.obj
c:\users\shinho\desktop\팀폴_c9\trunk\client\default\debug\option_system.obj
c:\users\shinho\desktop\팀폴_c9\trunk\client\default\debug\page_back_button.obj
c:\users\shinho\desktop\팀폴_c9\trunk\client\default\debug\page_next_button.obj
c:\users\shinho\desktop\팀폴_c9\trunk\client\default\debug\particle.obj
c:\users\shinho\desktop\팀폴_c9\trunk\client\default\debug\partition_base.obj
c:\users\shinho\desktop\팀폴_c9\trunk\client\default\debug\partition_button.obj
c:\users\shinho\desktop\팀폴_c9\trunk\client\default\debug\partition_down_button.obj
c:\users\shinho\desktop\팀폴_c9\trunk\client\default\debug\partition_max_button.obj
c:\users\shinho\desktop\팀폴_c9\trunk\client\default\debug\partition_up_button.obj
c:\users\shinho\desktop\팀폴_c9\trunk\client\default\debug\player.obj
c:\users\shinho\desktop\팀폴_c9\trunk\client\default\debug\playercamera.obj
c:\users\shinho\desktop\팀폴_c9\trunk\client\default\debug\mapcamera.obj
c:\users\shinho\desktop\팀폴_c9\trunk\client\default\debug\map_ice.obj
c:\users\shinho\desktop\팀폴_c9\trunk\client\default\debug\map_store.obj
c:\users\shinho\desktop\팀폴_c9\trunk\client\default\debug\mediaui.obj
c:\users\shinho\desktop\팀폴_c9\trunk\client\default\debug\minimap.obj
c:\users\shinho\desktop\팀폴_c9\trunk\client\default\debug\minimap_base.obj
c:\users\shinho\desktop\팀폴_c9\trunk\client\default\debug\minimap_zoomin.obj
c:\users\shinho\desktop\팀폴_c9\trunk\client\default\debug\minimap_zoomout.obj
c:\users\shinho\desktop\팀폴_c9\trunk\client\default\debug\miniplayer.obj
c:\users\shinho\desktop\팀폴_c9\trunk\client\default\debug\model_floor.obj
c:\users\shinho\desktop\팀폴_c9\trunk\client\default\debug\model_turn_left.obj
c:\users\shinho\desktop\팀폴_c9\trunk\client\default\debug\model_turn_right.obj
c:\users\shinho\desktop\팀폴_c9\trunk\client\default\debug\monster.obj
c:\users\shinho\desktop\팀폴_c9\trunk\client\default\debug\mouse_check.obj
c:\users\shinho\desktop\팀폴_c9\trunk\client\default\debug\npc.obj
c:\users\shinho\desktop\팀폴_c9\trunk\client\default\debug\npc_armor.obj
c:\users\shinho\desktop\팀폴_c9\trunk\client\default\debug\npc_book.obj
c:\users\shinho\desktop\팀폴_c9\trunk\client\default\debug\npc_potion.obj
c:\users\shinho\desktop\팀폴_c9\trunk\client\default\debug\npc_weapon.obj
c:\users\shinho\desktop\팀폴_c9\trunk\client\default\debug\opening_banner.obj
c:\users\shinho\desktop\팀폴_c9\trunk\client\default\debug\loading_bar.obj
c:\users\shinho\desktop\팀폴_c9\trunk\client\default\debug\loading_char.obj
c:\users\shinho\desktop\팀폴_c9\trunk\client\default\debug\loading_effect.obj
c:\users\shinho\desktop\팀폴_c9\trunk\client\default\debug\loading_gage.obj
c:\users\shinho\desktop\팀폴_c9\trunk\client\default\debug\loading_gage_effect.obj
c:\users\shinho\desktop\팀폴_c9\trunk\client\default\debug\login_adm.obj
c:\users\shinho\desktop\팀폴_c9\trunk\client\default\debug\login_background.obj
c:\users\shinho\desktop\팀폴_c9\trunk\client\default\debug\login_banner.obj
c:\users\shinho\desktop\팀폴_c9\trunk\client\default\debug\login_bottomback.obj
c:\users\shinho\desktop\팀폴_c9\trunk\client\default\debug\login_enter_button.obj
c:\users\shinho\desktop\팀폴_c9\trunk\client\default\debug\login_topback.obj
c:\users\shinho\desktop\팀폴_c9\trunk\client\default\debug\login_window.obj
c:\users\shinho\desktop\팀폴_c9\trunk\client\default\debug\l_weapon_space.obj
c:\users\shinho\desktop\팀폴_c9\trunk\client\default\debug\mainapp.obj
c:\users\shinho\desktop\팀폴_c9\trunk\client\default\debug\main_base.obj
c:\users\shinho\desktop\팀폴_c9\trunk\client\default\debug\main_block.obj
c:\users\shinho\desktop\팀폴_c9\trunk\client\default\debug\main_cashshop_button.obj
c:\users\shinho\desktop\팀폴_c9\trunk\client\default\debug\main_font.obj
c:\users\shinho\desktop\팀폴_c9\trunk\client\default\debug\main_inven_button.obj
c:\users\shinho\desktop\팀폴_c9\trunk\client\default\debug\main_pvp_button.obj
c:\users\shinho\desktop\팀폴_c9\trunk\client\default\debug\esc_button.obj
c:\users\shinho\desktop\팀폴_c9\trunk\client\default\debug\fire.obj
c:\users\shinho\desktop\팀폴_c9\trunk\client\default\debug\fps_check.obj
c:\users\shinho\desktop\팀폴_c9\trunk\client\default\debug\game_start_banner.obj
c:\users\shinho\desktop\팀폴_c9\trunk\client\default\debug\glove_space.obj
c:\users\shinho\desktop\팀폴_c9\trunk\client\default\debug\helmet_space.obj
c:\users\shinho\desktop\팀폴_c9\trunk\client\default\debug\inven_array.obj
c:\users\shinho\desktop\팀폴_c9\trunk\client\default\debug\inven_base.obj
c:\users\shinho\desktop\팀폴_c9\trunk\client\default\debug\inven_block.obj
c:\users\shinho\desktop\팀폴_c9\trunk\client\default\debug\inven_delete.obj
c:\users\shinho\desktop\팀폴_c9\trunk\client\default\debug\inven_scroll_bar.obj
c:\users\shinho\desktop\팀폴_c9\trunk\client\default\debug\inven_scroll_button.obj
c:\users\shinho\desktop\팀폴_c9\trunk\client\default\debug\inven_sheet.obj
c:\users\shinho\desktop\팀폴_c9\trunk\client\default\debug\inven_space.obj
c:\users\shinho\desktop\팀폴_c9\trunk\client\default\debug\lb_check.obj
c:\users\shinho\desktop\팀폴_c9\trunk\client\default\debug\leg_space.obj
c:\users\shinho\desktop\팀폴_c9\trunk\client\default\debug\level_base.obj
c:\users\shinho\desktop\팀폴_c9\trunk\client\default\debug\lightcamera.obj
c:\users\shinho\desktop\팀폴_c9\trunk\client\default\debug\loading.obj
c:\users\shinho\desktop\팀폴_c9\trunk\client\default\debug\loading_background.obj
c:\users\shinho\desktop\팀폴_c9\trunk\client\default\debug\mistic_fight.obj
c:\users\shinho\desktop\팀폴_c9\trunk\client\default\debug\mistic_state.obj
c:\users\shinho\desktop\팀폴_c9\trunk\client\default\debug\mistic_town.obj
c:\users\shinho\desktop\팀폴_c9\trunk\client\default\debug\numberingmgr.obj
c:\users\shinho\desktop\팀폴_c9\trunk\client\default\debug\pledgeblade.obj
c:\users\shinho\desktop\팀폴_c9\trunk\client\default\debug\sell_base.obj
c:\users\shinho\desktop\팀폴_c9\trunk\client\default\debug\sell_button.obj
c:\users\shinho\desktop\팀폴_c9\trunk\client\default\debug\spinturnthrustdust.obj
c:\users\shinho\desktop\팀폴_c9\trunk\client\default\debug\spinturnthrusttrail.obj
c:\users\shinho\desktop\팀폴_c9\trunk\client\default\debug\thrown_arrow.obj
c:\users\shinho\desktop\팀폴_c9\trunk\client\default\debug\ui_dragondance.obj
c:\users\shinho\desktop\팀폴_c9\trunk\client\default\debug\dungeon_back.obj
c:\users\shinho\desktop\팀폴_c9\trunk\client\default\debug\dungeon_base.obj
c:\users\shinho\desktop\팀폴_c9\trunk\client\default\debug\dungeon_select.obj
c:\users\shinho\desktop\팀폴_c9\trunk\client\default\debug\dungeon_shadow.obj
c:\users\shinho\desktop\팀폴_c9\trunk\client\default\debug\dungeon_start.obj
c:\users\shinho\desktop\팀폴_c9\trunk\client\default\debug\dungeon_texture.obj
c:\users\shinho\desktop\팀폴_c9\trunk\client\default\debug\earing_space.obj
c:\users\shinho\desktop\팀폴_c9\trunk\client\default\debug\environment.obj
c:\users\shinho\desktop\팀폴_c9\trunk\client\default\debug\esc_base.obj
c:\users\shinho\desktop\팀폴_c9\trunk\client\default\debug\subtitle.obj
c:\users\shinho\desktop\팀폴_c9\trunk\client\default\debug\summon.obj
c:\users\shinho\desktop\팀폴_c9\trunk\client\default\debug\summonparticle.obj
c:\users\shinho\desktop\팀폴_c9\trunk\client\default\debug\totalrank.obj
c:\users\shinho\desktop\팀폴_c9\trunk\client\default\debug\totalrankback.obj
c:\users\shinho\desktop\팀폴_c9\trunk\client\default\debug\trap.obj
c:\users\shinho\desktop\팀폴_c9\trunk\client\default\debug\trickyrabbit.obj
c:\users\shinho\desktop\팀폴_c9\trunk\client\default\debug\trickyrabbittrail.obj
c:\users\shinho\desktop\팀폴_c9\trunk\client\default\debug\twister.obj
c:\users\shinho\desktop\팀폴_c9\trunk\client\default\debug\uieffect.obj
c:\users\shinho\desktop\팀폴_c9\trunk\client\default\debug\ui_cooleff.obj
c:\users\shinho\desktop\팀폴_c9\trunk\client\default\debug\ui_cooltime.obj
c:\users\shinho\desktop\팀폴_c9\trunk\client\default\debug\ui_downkick.obj
c:\users\shinho\desktop\팀폴_c9\trunk\client\default\debug\dragondance.obj
c:\users\shinho\desktop\팀폴_c9\trunk\client\default\debug\flydance.obj
c:\users\shinho\desktop\팀폴_c9\trunk\client\default\debug\flydancetrail.obj
c:\users\shinho\desktop\팀폴_c9\trunk\client\default\debug\hillturn.obj
c:\users\shinho\desktop\팀폴_c9\trunk\client\default\debug\mistic.obj
c:\users\shinho\desktop\팀폴_c9\trunk\client\default\debug\misticweapon.obj
c:\users\shinho\desktop\팀폴_c9\trunk\client\default\debug\mistic_dungeon.obj
c:\users\shinho\desktop\팀폴_c9\trunk\client\default\debug\returnstage.obj
c:\users\shinho\desktop\팀폴_c9\trunk\client\default\debug\roar.obj
c:\users\shinho\desktop\팀폴_c9\trunk\client\default\debug\rock.obj
c:\users\shinho\desktop\팀폴_c9\trunk\client\default\debug\roundpunch.obj
c:\users\shinho\desktop\팀폴_c9\trunk\client\default\debug\scene_loadingforfire.obj
c:\users\shinho\desktop\팀폴_c9\trunk\client\default\debug\scene_stage_fire.obj
c:\users\shinho\desktop\팀폴_c9\trunk\client\default\debug\shorthammer.obj
c:\users\shinho\desktop\팀폴_c9\trunk\client\default\debug\snow.obj
c:\users\shinho\desktop\팀폴_c9\trunk\client\default\debug\snowball.obj
c:\users\shinho\desktop\팀폴_c9\trunk\client\default\debug\snowball_ani.obj
c:\users\shinho\desktop\팀폴_c9\trunk\client\default\debug\sound.obj
c:\users\shinho\desktop\팀폴_c9\trunk\client\default\debug\sound_manager.obj
c:\users\shinho\desktop\팀폴_c9\trunk\client\default\debug\spinningbullet.obj
c:\users\shinho\desktop\팀폴_c9\trunk\client\default\debug\spinningheart.obj
c:\users\shinho\desktop\팀폴_c9\trunk\client\default\debug\spinninghearttrail.obj
c:\users\shinho\desktop\팀폴_c9\trunk\client\default\debug\spinningthrown.obj
c:\users\shinho\desktop\팀폴_c9\trunk\client\default\debug\spiraldance.obj
c:\users\shinho\desktop\팀폴_c9\trunk\client\default\debug\sprialdance_in_trail.obj
c:\users\shinho\desktop\팀폴_c9\trunk\client\default\debug\sprialdance_out_trail.obj
c:\users\shinho\desktop\팀폴_c9\trunk\client\default\debug\stageclear.obj
c:\users\shinho\desktop\팀폴_c9\trunk\client\default\debug\penaltytrail.obj
c:\users\shinho\desktop\팀폴_c9\trunk\client\default\debug\phase2_trail.obj
c:\users\shinho\desktop\팀폴_c9\trunk\client\default\debug\pillar.obj
c:\users\shinho\desktop\팀폴_c9\trunk\client\default\debug\playerdamnum.obj
c:\users\shinho\desktop\팀폴_c9\trunk\client\default\debug\playerdamparent.obj
c:\users\shinho\desktop\팀폴_c9\trunk\client\default\debug\playerhit.obj
c:\users\shinho\desktop\팀폴_c9\trunk\client\default\debug\playername.obj
c:\users\shinho\desktop\팀폴_c9\trunk\client\default\debug\pledgering.obj
c:\users\shinho\desktop\팀폴_c9\trunk\client\default\debug\lava.obj
c:\users\shinho\desktop\팀폴_c9\trunk\client\default\debug\lavetrail.obj
c:\users\shinho\desktop\팀폴_c9\trunk\client\default\debug\reflectdust.obj
c:\users\shinho\desktop\팀폴_c9\trunk\client\default\debug\resultbase.obj
c:\users\shinho\desktop\팀폴_c9\trunk\client\default\debug\resultitembase.obj
c:\users\shinho\desktop\팀폴_c9\trunk\client\default\debug\resultitembox.obj
c:\users\shinho\desktop\팀폴_c9\trunk\client\default\debug\resultitemchar.obj
c:\users\shinho\desktop\팀폴_c9\trunk\client\default\debug\resultitemlock.obj
c:\users\shinho\desktop\팀폴_c9\trunk\client\default\debug\resultitemlogo.obj
c:\users\shinho\desktop\팀폴_c9\trunk\client\default\debug\resultitemx.obj
c:\users\shinho\desktop\팀폴_c9\trunk\client\default\debug\resultnum.obj
c:\users\shinho\desktop\팀폴_c9\trunk\client\default\debug\resulttitle.obj
c:\users\shinho\desktop\팀폴_c9\trunk\client\default\debug\create_movie.obj
c:\users\shinho\desktop\팀폴_c9\trunk\client\default\debug\create_ok_button.obj
c:\users\shinho\desktop\팀폴_c9\trunk\client\default\debug\create_pentagon.obj
c:\users\shinho\desktop\팀폴_c9\trunk\client\default\debug\cube.obj
c:\users\shinho\desktop\팀폴_c9\trunk\client\default\debug\culling_manager.obj
c:\users\shinho\desktop\팀폴_c9\trunk\client\default\debug\cursor.obj
c:\users\shinho\desktop\팀폴_c9\trunk\client\default\debug\darkpollinggrave.obj
c:\users\shinho\desktop\팀폴_c9\trunk\client\default\debug\darkpollingwave.obj
c:\users\shinho\desktop\팀폴_c9\trunk\client\default\debug\darksword.obj
c:\users\shinho\desktop\팀폴_c9\trunk\client\default\debug\debug_check.obj
c:\users\shinho\desktop\팀폴_c9\trunk\client\default\debug\inven_char_model.obj
c:\users\shinho\desktop\팀폴_c9\trunk\client\default\debug\misticbullet.obj
c:\users\shinho\desktop\팀폴_c9\trunk\client\default\debug\map_fire.obj
c:\users\shinho\desktop\팀폴_c9\trunk\client\default\debug\model_wb_weapon.obj
c:\users\shinho\desktop\팀폴_c9\trunk\client\default\debug\hanuman.obj
c:\users\shinho\desktop\팀폴_c9\trunk\client\default\debug\hanuman_ani.obj
c:\users\shinho\desktop\팀폴_c9\trunk\client\default\debug\mouseeff.obj
c:\users\shinho\desktop\팀폴_c9\trunk\client\default\debug\npc_col.obj
c:\users\shinho\desktop\팀폴_c9\trunk\client\default\debug\npc_name.obj
c:\users\shinho\desktop\팀폴_c9\trunk\client\default\debug\penalty.obj
c:\users\shinho\desktop\팀폴_c9\trunk\client\default\debug\button_mb.obj
c:\users\shinho\desktop\팀폴_c9\trunk\client\default\debug\button_reset.obj
c:\users\shinho\desktop\팀폴_c9\trunk\client\default\debug\button_shadow.obj
c:\users\shinho\desktop\팀폴_c9\trunk\client\default\debug\button_ssao.obj
c:\users\shinho\desktop\팀폴_c9\trunk\client\default\debug\buy_base.obj
c:\users\shinho\desktop\팀폴_c9\trunk\client\default\debug\buy_button.obj
c:\users\shinho\desktop\팀폴_c9\trunk\client\default\debug\cherryblossom.obj
c:\users\shinho\desktop\팀폴_c9\trunk\client\default\debug\class_mark.obj
c:\users\shinho\desktop\팀폴_c9\trunk\client\default\debug\class_mark_base.obj
c:\users\shinho\desktop\팀폴_c9\trunk\client\default\debug\class_texture.obj
c:\users\shinho\desktop\팀폴_c9\trunk\client\default\debug\combo.obj
c:\users\shinho\desktop\팀폴_c9\trunk\client\default\debug\comboeffect.obj
c:\users\shinho\desktop\팀폴_c9\trunk\client\default\debug\combonum.obj
c:\users\shinho\desktop\팀폴_c9\trunk\client\default\debug\compare_tooltip.obj
c:\users\shinho\desktop\팀폴_c9\trunk\client\default\debug\create_class_background.obj
c:\users\shinho\desktop\팀폴_c9\trunk\client\default\debug\create_class_button.obj
c:\users\shinho\desktop\팀폴_c9\trunk\client\default\debug\create_class_texture.obj
c:\users\shinho\desktop\팀폴_c9\trunk\client\default\debug\create_class_tooltip.obj
c:\users\shinho\desktop\팀폴_c9\trunk\client\default\debug\create_infopanel.obj
c:\users\shinho\desktop\팀폴_c9\trunk\client\default\debug\create_input_id.obj
c:\users\shinho\desktop\팀폴_c9\trunk\client\default\debug\levelup_back.obj
c:\users\shinho\desktop\팀폴_c9\trunk\client\default\debug\login_effect.obj
c:\users\shinho\desktop\팀폴_c9\trunk\client\default\debug\meteo.obj
c:\users\shinho\desktop\팀폴_c9\trunk\client\default\debug\lfoot.obj
c:\users\shinho\desktop\팀폴_c9\trunk\client\default\debug\monster_name.obj
c:\users\shinho\desktop\팀폴_c9\trunk\client\default\debug\babegazi_axe.obj
c:\users\shinho\desktop\팀폴_c9\trunk\client\default\debug\babegazi_axe_ani.obj
c:\users\shinho\desktop\팀폴_c9\trunk\client\default\debug\babegazi_warrior.obj
c:\users\shinho\desktop\팀폴_c9\trunk\client\default\debug\babegazi_warrior_ani.obj
c:\users\shinho\desktop\팀폴_c9\trunk\client\default\debug\belt_space.obj
c:\users\shinho\desktop\팀폴_c9\trunk\client\default\debug\blairesilhouette.obj
c:\users\shinho\desktop\팀폴_c9\trunk\client\default\debug\boots_space.obj
c:\users\shinho\desktop\팀폴_c9\trunk\client\default\debug\button_dof.obj
c:\users\shinho\desktop\팀폴_c9\trunk\client\default\debug\button_exit.obj
c:\users\shinho\desktop\팀폴_c9\trunk\client\default\debug\button_fog.obj
c:\users\shinho\desktop\팀폴_c9\trunk\client\default\debug\button_gold.obj
c:\users\shinho\desktop\팀폴_c9\trunk\client\default\debug\button_hdr.obj
c:\users\shinho\desktop\팀폴_c9\trunk\client\default\debug\button_item.obj
c:\users\shinho\desktop\팀폴_c9\trunk\client\default\debug\button_levelup.obj
c:\users\shinho\desktop\팀폴_c9\trunk\client\default\debug\button_lf.obj
c:\users\shinho\desktop\팀폴_c9\trunk\client\default\debug\damparent.obj
c:\users\shinho\desktop\팀폴_c9\trunk\client\default\debug\frameprojector.obj
c:\users\shinho\desktop\팀폴_c9\trunk\client\default\debug\gate.obj
c:\users\shinho\desktop\팀폴_c9\trunk\client\default\debug\gate_a.obj
c:\users\shinho\desktop\팀폴_c9\trunk\client\default\debug\gold.obj
c:\users\shinho\desktop\팀폴_c9\trunk\client\default\debug\hammer.obj
c:\users\shinho\desktop\팀폴_c9\trunk\client\default\debug\hanumaattack01.obj
c:\users\shinho\desktop\팀폴_c9\trunk\client\default\debug\hanumaattack01_trail.obj
c:\users\shinho\desktop\팀폴_c9\trunk\client\default\debug\hanumaattack02.obj
c:\users\shinho\desktop\팀폴_c9\trunk\client\default\debug\hanumanbreath.obj
c:\users\shinho\desktop\팀폴_c9\trunk\client\default\debug\hanumancombo.obj
c:\users\shinho\desktop\팀폴_c9\trunk\client\default\debug\hanumaneye.obj
c:\users\shinho\desktop\팀폴_c9\trunk\client\default\debug\hanumanfire.obj
c:\users\shinho\desktop\팀폴_c9\trunk\client\default\debug\hitdir.obj
c:\users\shinho\desktop\팀폴_c9\trunk\client\default\debug\hitexplosion.obj
c:\users\shinho\desktop\팀폴_c9\trunk\client\default\debug\icetwister.obj
c:\users\shinho\desktop\팀폴_c9\trunk\client\default\debug\icicle.obj
c:\users\shinho\desktop\팀폴_c9\trunk\client\default\debug\knole_commander.obj
c:\users\shinho\desktop\팀폴_c9\trunk\client\default\debug\knole_commander_ani.obj
c:\users\shinho\desktop\팀폴_c9\trunk\client\default\debug\levelup.obj
c:\users\shinho\desktop\팀폴_c9\trunk\client\default\debug\boss_subname.obj
c:\users\shinho\desktop\팀폴_c9\trunk\client\default\debug\breathbullet.obj
c:\users\shinho\desktop\팀폴_c9\trunk\client\default\debug\changephase2.obj
c:\users\shinho\desktop\팀폴_c9\trunk\client\default\debug\cooltimemgr.obj
c:\users\shinho\desktop\팀폴_c9\trunk\client\default\debug\clean.obj
c:\users\shinho\desktop\팀폴_c9\trunk\client\default\debug\crazyfoot.obj
c:\users\shinho\desktop\팀폴_c9\trunk\client\default\debug\critical.obj
c:\users\shinho\desktop\팀폴_c9\trunk\client\default\debug\curtain.obj
c:\users\shinho\desktop\팀폴_c9\trunk\client\default\debug\cyclone.obj
c:\users\shinho\desktop\팀폴_c9\trunk\client\default\debug\divide.obj
c:\users\shinho\desktop\팀폴_c9\trunk\client\default\debug\exp_base.obj
c:\users\shinho\desktop\팀폴_c9\trunk\client\default\debug\exp_gage.obj
c:\users\shinho\desktop\팀폴_c9\trunk\client\default\debug\fade.obj
c:\users\shinho\desktop\팀폴_c9\trunk\client\default\debug\fade_manager.obj
c:\users\shinho\desktop\팀폴_c9\trunk\client\default\debug\fireball.obj
c:\users\shinho\desktop\팀폴_c9\trunk\client\default\debug\fireballparticle.obj
c:\users\shinho\desktop\팀폴_c9\trunk\client\default\debug\fireframe.obj
c:\users\shinho\desktop\팀폴_c9\trunk\client\default\debug\firewall.obj
c:\users\shinho\desktop\팀폴_c9\trunk\client\default\debug\footprint.obj
c:\users\shinho\desktop\팀폴_c9\trunk\client\default\debug\damnum.obj
c:\users\shinho\desktop\팀폴_c9\trunk\client\default\debug\amulet_space.obj
c:\users\shinho\desktop\팀폴_c9\trunk\client\default\debug\armlet_space.obj
c:\users\shinho\desktop\팀폴_c9\trunk\client\default\debug\armor_space.obj
c:\users\shinho\desktop\팀폴_c9\trunk\client\default\debug\arrow.obj
c:\users\shinho\desktop\팀폴_c9\trunk\client\default\debug\arrow_space.obj
c:\users\shinho\desktop\팀폴_c9\trunk\client\default\debug\babegazi_bow.obj
c:\users\shinho\desktop\팀폴_c9\trunk\client\default\debug\babegazi_bow_ani.obj
c:\users\shinho\desktop\팀폴_c9\trunk\client\default\debug\bardiel.obj
c:\users\shinho\desktop\팀폴_c9\trunk\client\default\debug\bardiel_ani.obj
c:\users\shinho\desktop\팀폴_c9\trunk\client\default\debug\blackrose.obj
c:\users\shinho\desktop\팀폴_c9\trunk\client\default\debug\blackrosetrail.obj
c:\users\shinho\desktop\팀폴_c9\trunk\client\default\debug\bossbar.obj
c:\users\shinho\desktop\팀폴_c9\trunk\client\default\debug\bossbareffect.obj
c:\users\shinho\desktop\팀폴_c9\trunk\client\default\debug\bossgage.obj
c:\users\shinho\desktop\팀폴_c9\trunk\client\default\debug\bossname.obj
c:\users\shinho\desktop\팀폴_c9\trunk\client\default\debug\bossoutbar.obj
c:\users\shinho\desktop\팀폴_c9\trunk\client\default\debug\bosstex.obj
c:\users\shinho\desktop\팀폴_c9\trunk\client\default\debug\boss_base.obj
c:\users\shinho\desktop\팀폴_c9\trunk\client\default\debug\boss_logo.obj
c:\users\shinho\desktop\팀폴_c9\trunk\client\default\debug\boss_name.obj
c:\users\shinho\desktop\팀폴_c9\trunk\client\default\debug\ai_knole_commander.obj
c:\users\shinho\desktop\팀폴_c9\trunk\client\default\debug\ai_lava1_bardiel.obj
c:\users\shinho\desktop\팀폴_c9\trunk\client\default\debug\ai_lfoot2_bardiel.obj
c:\users\shinho\desktop\팀폴_c9\trunk\client\default\debug\ai_penalty1_bardiel.obj
c:\users\shinho\desktop\팀폴_c9\trunk\client\default\debug\ai_roaming_baxe.obj
c:\users\shinho\desktop\팀폴_c9\trunk\client\default\debug\ai_roaming_bbow.obj
c:\users\shinho\desktop\팀폴_c9\trunk\client\default\debug\ai_roaming_bwarrior.obj
c:\users\shinho\desktop\팀폴_c9\trunk\client\default\debug\ai_roaming_kcommander.obj
c:\users\shinho\desktop\팀폴_c9\trunk\client\default\debug\ai_roar_hanuman.obj
c:\users\shinho\desktop\팀폴_c9\trunk\client\default\debug\ai_roundpunch_hanuman.obj
c:\users\shinho\desktop\팀폴_c9\trunk\client\default\debug\ai_combat1_bardiel.obj
c:\users\shinho\desktop\팀폴_c9\trunk\client\default\debug\ai_shorthammer2_bardiel.obj
c:\users\shinho\desktop\팀폴_c9\trunk\client\default\debug\ai_spinattack2_kcommander.obj
c:\users\shinho\desktop\팀폴_c9\trunk\client\default\debug\ai_trace_baxe.obj
c:\users\shinho\desktop\팀폴_c9\trunk\client\default\debug\ai_trace_bbow.obj
c:\users\shinho\desktop\팀폴_c9\trunk\client\default\debug\ai_trace_bwarrior.obj
c:\users\shinho\desktop\팀폴_c9\trunk\client\default\debug\ai_trace_hanuman.obj
c:\users\shinho\desktop\팀폴_c9\trunk\client\default\debug\ai_trace_kcommander.obj
c:\users\shinho\desktop\팀폴_c9\trunk\client\default\debug\ai_volcano2_bardiel.obj
c:\users\shinho\desktop\팀폴_c9\trunk\client\default\debug\ai_whirlwind2_bardiel.obj
c:\users\shinho\desktop\팀폴_c9\trunk\client\default\debug\ai_divide2_bardiel.obj
c:\users\shinho\desktop\팀폴_c9\trunk\client\default\debug\ai_down_baxe.obj
c:\users\shinho\desktop\팀폴_c9\trunk\client\default\debug\ai_down_bbow.obj
c:\users\shinho\desktop\팀폴_c9\trunk\client\default\debug\ai_down_bwarrior.obj
c:\users\shinho\desktop\팀폴_c9\trunk\client\default\debug\ai_down_kcommander.obj
c:\users\shinho\desktop\팀폴_c9\trunk\client\default\debug\ai_fireball1_bardiel.obj
c:\users\shinho\desktop\팀폴_c9\trunk\client\default\debug\ai_fireframe1_bardiel.obj
c:\users\shinho\desktop\팀폴_c9\trunk\client\default\debug\ai_firepillar1_bardiel.obj
c:\users\shinho\desktop\팀폴_c9\trunk\client\default\debug\ai_firerain2_bardiel.obj
c:\users\shinho\desktop\팀폴_c9\trunk\client\default\debug\ai_firewall2_bardiel.obj
c:\users\shinho\desktop\팀폴_c9\trunk\client\default\debug\ai_hammer2_bardiel.obj
c:\users\shinho\desktop\팀폴_c9\trunk\client\default\debug\ai_handattack1_kcommander.obj
c:\users\shinho\desktop\팀폴_c9\trunk\client\default\debug\ai_hanuman.obj
c:\users\shinho\desktop\팀폴_c9\trunk\client\default\debug\ai_idle1_bardiel.obj
c:\users\shinho\desktop\팀폴_c9\trunk\client\default\debug\ai_idle2_bardiel.obj
c:\users\shinho\desktop\팀폴_c9\trunk\client\default\debug\ai_idle_baxe.obj
c:\users\shinho\desktop\팀폴_c9\trunk\client\default\debug\ai_idle_bbow.obj
c:\users\shinho\desktop\팀폴_c9\trunk\client\default\debug\ai_idle_bwarrior.obj
c:\users\shinho\desktop\팀폴_c9\trunk\client\default\debug\ai_idle_hanuman.obj
c:\users\shinho\desktop\팀폴_c9\trunk\client\default\debug\ai_idle_kcommander.obj
c:\users\shinho\desktop\팀폴_c9\trunk\client\default\debug\ai_combat1_kcommander.obj
c:\users\shinho\desktop\팀폴_c9\trunk\client\default\debug\ai_combat2_bardiel.obj
c:\users\shinho\desktop\팀폴_c9\trunk\client\default\debug\ai_combat2_kcommander.obj
c:\users\shinho\desktop\팀폴_c9\trunk\client\default\debug\ai_combat_baxe.obj
c:\users\shinho\desktop\팀폴_c9\trunk\client\default\debug\ai_combat_bbow.obj
c:\users\shinho\desktop\팀폴_c9\trunk\client\default\debug\ai_combat_bwarrior.obj
c:\users\shinho\desktop\팀폴_c9\trunk\client\default\debug\ai_combo_hanuman.obj
c:\users\shinho\desktop\팀폴_c9\trunk\client\default\debug\ai_crazyfoot_hanuman.obj
c:\users\shinho\desktop\팀폴_c9\trunk\client\default\debug\ai_death_baxe.obj
c:\users\shinho\desktop\팀폴_c9\trunk\client\default\debug\ai_death_bbow.obj
c:\users\shinho\desktop\팀폴_c9\trunk\client\default\debug\ai_death_bwarrior.obj
c:\users\shinho\desktop\팀폴_c9\trunk\client\default\debug\ai_death_hanuman.obj
c:\users\shinho\desktop\팀폴_c9\trunk\client\default\debug\ai_death_kcommander.obj
c:\users\shinho\desktop\팀폴_c9\trunk\client\default\debug\ai_defence2_kcommander.obj
c:\users\shinho\desktop\팀폴_c9\trunk\client\default\debug\ai_defence_baxe.obj
c:\users\shinho\desktop\팀폴_c9\trunk\client\default\debug\ai_defence_bwarrior.obj
c:\users\shinho\desktop\팀폴_c9\trunk\client\default\debug\ai_discovery_baxe.obj
c:\users\shinho\desktop\팀폴_c9\trunk\client\default\debug\ai_discovery_bbow.obj
c:\users\shinho\desktop\팀폴_c9\trunk\client\default\debug\ai_discovery_bwarrior.obj
c:\users\shinho\desktop\팀폴_c9\trunk\client\default\debug\ai_discovery_kcommander.obj
c:\users\shinho\desktop\팀폴_c9\trunk\client\default\debug\actionstartobj.obj
c:\users\shinho\desktop\팀폴_c9\trunk\client\default\debug\ai_attack1_baxe.obj
c:\users\shinho\desktop\팀폴_c9\trunk\client\default\debug\ai_attack1_hanuman.obj
c:\users\shinho\desktop\팀폴_c9\trunk\client\default\debug\ai_attack2_baxe.obj
c:\users\shinho\desktop\팀폴_c9\trunk\client\default\debug\ai_attack2_hanuman.obj
c:\users\shinho\desktop\팀폴_c9\trunk\client\default\debug\ai_attack2_kcommander.obj
c:\users\shinho\desktop\팀폴_c9\trunk\client\default\debug\ai_attack_bbow.obj
c:\users\shinho\desktop\팀폴_c9\trunk\client\default\debug\ai_attack_bwarrior.obj
c:\users\shinho\desktop\팀폴_c9\trunk\client\default\debug\ai_babegazi_axe.obj
c:\users\shinho\desktop\팀폴_c9\trunk\client\default\debug\ai_babegazi_bow.obj
c:\users\shinho\desktop\팀폴_c9\trunk\client\default\debug\ai_babegazi_warrior.obj
c:\users\shinho\desktop\팀폴_c9\trunk\client\default\debug\ai_bardiel.obj
c:\users\shinho\desktop\팀폴_c9\trunk\client\default\debug\ai_bodyspin1_kcommander.obj
c:\users\shinho\desktop\팀폴_c9\trunk\client\default\debug\ai_breath_hanuman.obj
c:\users\shinho\desktop\팀폴_c9\trunk\client\default\debug\ai_cameraintro_bardiel.obj
c:\users\shinho\desktop\팀폴_c9\trunk\client\default\debug\ai_cameraintro_hanuman.obj
c:\users\shinho\desktop\팀폴_c9\trunk\client\default\debug\ai_changephase2_bardiel.obj
c:\users\shinho\desktop\팀폴_c9\trunk\client\default\debug\ai_clean2_bardiel.obj
c:\users\shinho\desktop\팀폴_c9\trunk\client\bin\client.lib
c:\users\shinho\desktop\팀폴_c9\trunk\client\bin\client.exp
c:\users\shinho\desktop\팀폴_c9\trunk\client\bin\client.ilk
c:\users\shinho\desktop\팀폴_c9\trunk\client\bin\client.exe
c:\users\shinho\desktop\팀폴_c9\trunk\client\bin\client.pdb
c:\users\shinho\desktop\팀폴_c9\trunk\client\default\debug\client.res
c:\users\shinho\desktop\팀폴_c9\trunk\client\default\debug\loading_gage.obj.enc
c:\users\shinho\desktop\팀폴_c9\trunk\client\default\debug\loading_gage_effect.obj.enc
c:\users\shinho\desktop\팀폴_c9\trunk\client\default\../bin\client.exe
c:\users\shinho\desktop\팀폴_c9\trunk\client\default\debug\client.tlog\cl.command.1.tlog
c:\users\shinho\desktop\팀폴_c9\trunk\client\default\debug\client.tlog\cl.read.1.tlog
c:\users\shinho\desktop\팀폴_c9\trunk\client\default\debug\client.tlog\cl.write.1.tlog
c:\users\shinho\desktop\팀폴_c9\trunk\client\default\debug\client.tlog\client.write.1u.tlog
c:\users\shinho\desktop\팀폴_c9\trunk\client\default\debug\client.tlog\link.command.1.tlog
c:\users\shinho\desktop\팀폴_c9\trunk\client\default\debug\client.tlog\link.read.1.tlog
c:\users\shinho\desktop\팀폴_c9\trunk\client\default\debug\client.tlog\link.write.1.tlog
c:\users\shinho\desktop\팀폴_c9\trunk\client\default\debug\client.tlog\rc.command.1.tlog
c:\users\shinho\desktop\팀폴_c9\trunk\client\default\debug\client.tlog\rc.read.1.tlog
c:\users\shinho\desktop\팀폴_c9\trunk\client\default\debug\client.tlog\rc.write.1.tlog
