c:\users\shinho\desktop\팀폴_c9\trunk\tool\animationtool\bin\animationtool.lib
c:\users\shinho\desktop\팀폴_c9\trunk\tool\animationtool\bin\animationtool.exp
c:\users\shinho\desktop\팀폴_c9\trunk\tool\animationtool\default\debug\animationtool.pch
c:\users\shinho\desktop\팀폴_c9\trunk\tool\animationtool\default\debug\vc140.pdb
c:\users\shinho\desktop\팀폴_c9\trunk\tool\animationtool\default\debug\vc140.idb
c:\users\shinho\desktop\팀폴_c9\trunk\tool\animationtool\default\debug\stdafx.obj
c:\users\shinho\desktop\팀폴_c9\trunk\tool\animationtool\default\debug\animationapp.obj
c:\users\shinho\desktop\팀폴_c9\trunk\tool\animationtool\default\debug\camera_anitool.obj
c:\users\shinho\desktop\팀폴_c9\trunk\tool\animationtool\default\debug\dynamicobject.obj
c:\users\shinho\desktop\팀폴_c9\trunk\tool\animationtool\default\debug\grid.obj
c:\users\shinho\desktop\팀폴_c9\trunk\tool\animationtool\default\debug\pickingrect.obj
c:\users\shinho\desktop\팀폴_c9\trunk\tool\animationtool\default\debug\scene_anitool.obj
c:\users\shinho\desktop\팀폴_c9\trunk\tool\animationtool\default\debug\sprite.obj
c:\users\shinho\desktop\팀폴_c9\trunk\tool\animationtool\default\debug\staticobject.obj
c:\users\shinho\desktop\팀폴_c9\trunk\tool\animationtool\default\debug\animationtool.obj
c:\users\shinho\desktop\팀폴_c9\trunk\tool\animationtool\default\debug\animationtooldoc.obj
c:\users\shinho\desktop\팀폴_c9\trunk\tool\animationtool\default\debug\animationtoolview.obj
c:\users\shinho\desktop\팀폴_c9\trunk\tool\animationtool\default\debug\anitool.obj
c:\users\shinho\desktop\팀폴_c9\trunk\tool\animationtool\default\debug\coltool.obj
c:\users\shinho\desktop\팀폴_c9\trunk\tool\animationtool\default\debug\effecttool.obj
c:\users\shinho\desktop\팀폴_c9\trunk\tool\animationtool\default\debug\mainfrm.obj
c:\users\shinho\desktop\팀폴_c9\trunk\tool\animationtool\default\debug\myform.obj
c:\users\shinho\desktop\팀폴_c9\trunk\tool\animationtool\bin\animationtool.ilk
c:\users\shinho\desktop\팀폴_c9\trunk\tool\animationtool\bin\animationtool.exe
c:\users\shinho\desktop\팀폴_c9\trunk\tool\animationtool\bin\animationtool.pdb
c:\users\shinho\desktop\팀폴_c9\trunk\tool\animationtool\default\debug\animationtool.res
c:\users\shinho\desktop\팀폴_c9\trunk\tool\animationtool\default\../bin\animationtool.exe
c:\users\shinho\desktop\팀폴_c9\trunk\tool\animationtool\default\debug\animationtool.tlog\animationtool.write.1u.tlog
c:\users\shinho\desktop\팀폴_c9\trunk\tool\animationtool\default\debug\animationtool.tlog\cl.command.1.tlog
c:\users\shinho\desktop\팀폴_c9\trunk\tool\animationtool\default\debug\animationtool.tlog\cl.read.1.tlog
c:\users\shinho\desktop\팀폴_c9\trunk\tool\animationtool\default\debug\animationtool.tlog\cl.write.1.tlog
c:\users\shinho\desktop\팀폴_c9\trunk\tool\animationtool\default\debug\animationtool.tlog\link.command.1.tlog
c:\users\shinho\desktop\팀폴_c9\trunk\tool\animationtool\default\debug\animationtool.tlog\link.read.1.tlog
c:\users\shinho\desktop\팀폴_c9\trunk\tool\animationtool\default\debug\animationtool.tlog\link.write.1.tlog
c:\users\shinho\desktop\팀폴_c9\trunk\tool\animationtool\default\debug\animationtool.tlog\rc.command.1.tlog
c:\users\shinho\desktop\팀폴_c9\trunk\tool\animationtool\default\debug\animationtool.tlog\rc.read.1.tlog
c:\users\shinho\desktop\팀폴_c9\trunk\tool\animationtool\default\debug\animationtool.tlog\rc.write.1.tlog
