c:\users\shinho\desktop\팀폴_c9\trunk\tool\animationtool\bin\animationtool.lib
c:\users\shinho\desktop\팀폴_c9\trunk\tool\animationtool\bin\animationtool.exp
c:\users\shinho\desktop\팀폴_c9\trunk\tool\animationtool\default\release\animationtool.pch
c:\users\shinho\desktop\팀폴_c9\trunk\tool\animationtool\default\release\vc140.pdb
c:\users\shinho\desktop\팀폴_c9\trunk\tool\animationtool\default\release\stdafx.obj
c:\users\shinho\desktop\팀폴_c9\trunk\tool\animationtool\default\release\myform.obj
c:\users\shinho\desktop\팀폴_c9\trunk\tool\animationtool\default\release\mainfrm.obj
c:\users\shinho\desktop\팀폴_c9\trunk\tool\animationtool\default\release\effecttool.obj
c:\users\shinho\desktop\팀폴_c9\trunk\tool\animationtool\default\release\coltool.obj
c:\users\shinho\desktop\팀폴_c9\trunk\tool\animationtool\default\release\anitool.obj
c:\users\shinho\desktop\팀폴_c9\trunk\tool\animationtool\default\release\animationtoolview.obj
c:\users\shinho\desktop\팀폴_c9\trunk\tool\animationtool\default\release\animationtooldoc.obj
c:\users\shinho\desktop\팀폴_c9\trunk\tool\animationtool\default\release\animationtool.obj
c:\users\shinho\desktop\팀폴_c9\trunk\tool\animationtool\default\release\staticobject.obj
c:\users\shinho\desktop\팀폴_c9\trunk\tool\animationtool\default\release\sprite.obj
c:\users\shinho\desktop\팀폴_c9\trunk\tool\animationtool\default\release\scene_anitool.obj
c:\users\shinho\desktop\팀폴_c9\trunk\tool\animationtool\default\release\pickingrect.obj
c:\users\shinho\desktop\팀폴_c9\trunk\tool\animationtool\default\release\grid.obj
c:\users\shinho\desktop\팀폴_c9\trunk\tool\animationtool\default\release\dynamicobject.obj
c:\users\shinho\desktop\팀폴_c9\trunk\tool\animationtool\default\release\camera_anitool.obj
c:\users\shinho\desktop\팀폴_c9\trunk\tool\animationtool\default\release\animationapp.obj
c:\users\shinho\desktop\팀폴_c9\trunk\tool\animationtool\bin\animationtool.exe
c:\users\shinho\desktop\팀폴_c9\trunk\tool\animationtool\bin\animationtool.pdb
c:\users\shinho\desktop\팀폴_c9\trunk\tool\animationtool\default\release\animationtool.res
c:\users\shinho\desktop\팀폴_c9\trunk\tool\animationtool\default\../bin\animationtool.exe
c:\users\shinho\desktop\팀폴_c9\trunk\tool\animationtool\default\release\animationtool.tlog\animationtool.write.1u.tlog
c:\users\shinho\desktop\팀폴_c9\trunk\tool\animationtool\default\release\animationtool.tlog\cl.command.1.tlog
c:\users\shinho\desktop\팀폴_c9\trunk\tool\animationtool\default\release\animationtool.tlog\cl.read.1.tlog
c:\users\shinho\desktop\팀폴_c9\trunk\tool\animationtool\default\release\animationtool.tlog\cl.write.1.tlog
c:\users\shinho\desktop\팀폴_c9\trunk\tool\animationtool\default\release\animationtool.tlog\link.command.1.tlog
c:\users\shinho\desktop\팀폴_c9\trunk\tool\animationtool\default\release\animationtool.tlog\link.read.1.tlog
c:\users\shinho\desktop\팀폴_c9\trunk\tool\animationtool\default\release\animationtool.tlog\link.write.1.tlog
c:\users\shinho\desktop\팀폴_c9\trunk\tool\animationtool\default\release\animationtool.tlog\rc.command.1.tlog
c:\users\shinho\desktop\팀폴_c9\trunk\tool\animationtool\default\release\animationtool.tlog\rc.read.1.tlog
c:\users\shinho\desktop\팀폴_c9\trunk\tool\animationtool\default\release\animationtool.tlog\rc.write.1.tlog
