c:\users\shinho\desktop\팀폴_c9\trunk\tool\maptool\default\debug\maptool.pch
c:\users\shinho\desktop\팀폴_c9\trunk\tool\maptool\default\debug\vc140.pdb
c:\users\shinho\desktop\팀폴_c9\trunk\tool\maptool\default\debug\vc140.idb
c:\users\shinho\desktop\팀폴_c9\trunk\tool\maptool\default\debug\stdafx.obj
c:\users\shinho\desktop\팀폴_c9\trunk\tool\maptool\default\debug\map_fire.obj
c:\users\shinho\desktop\팀폴_c9\trunk\tool\maptool\default\debug\map_ice.obj
c:\users\shinho\desktop\팀폴_c9\trunk\tool\maptool\default\debug\map_store.obj
c:\users\shinho\desktop\팀폴_c9\trunk\tool\maptool\default\debug\monster.obj
c:\users\shinho\desktop\팀폴_c9\trunk\tool\maptool\default\debug\mouse.obj
c:\users\shinho\desktop\팀폴_c9\trunk\tool\maptool\default\debug\mousecol.obj
c:\users\shinho\desktop\팀폴_c9\trunk\tool\maptool\default\debug\navitab.obj
c:\users\shinho\desktop\팀폴_c9\trunk\tool\maptool\default\debug\npc.obj
c:\users\shinho\desktop\팀폴_c9\trunk\tool\maptool\default\debug\particle.obj
c:\users\shinho\desktop\팀폴_c9\trunk\tool\maptool\default\debug\pickingrect.obj
c:\users\shinho\desktop\팀폴_c9\trunk\tool\maptool\default\debug\player.obj
c:\users\shinho\desktop\팀폴_c9\trunk\tool\maptool\default\debug\player_ani.obj
c:\users\shinho\desktop\팀폴_c9\trunk\tool\maptool\default\debug\scene_maptool.obj
c:\users\shinho\desktop\팀폴_c9\trunk\tool\maptool\default\debug\sprite.obj
c:\users\shinho\desktop\팀폴_c9\trunk\tool\maptool\default\debug\trap.obj
c:\users\shinho\desktop\팀폴_c9\trunk\tool\maptool\default\debug\buttonmenu.obj
c:\users\shinho\desktop\팀폴_c9\trunk\tool\maptool\default\debug\mainfrm.obj
c:\users\shinho\desktop\팀폴_c9\trunk\tool\maptool\default\debug\maptool.obj
c:\users\shinho\desktop\팀폴_c9\trunk\tool\maptool\default\debug\maptooldoc.obj
c:\users\shinho\desktop\팀폴_c9\trunk\tool\maptool\default\debug\maptoolview.obj
c:\users\shinho\desktop\팀폴_c9\trunk\tool\maptool\default\debug\ai_discovery.obj
c:\users\shinho\desktop\팀폴_c9\trunk\tool\maptool\default\debug\ai_roaming.obj
c:\users\shinho\desktop\팀폴_c9\trunk\tool\maptool\default\debug\ai_trace.obj
c:\users\shinho\desktop\팀폴_c9\trunk\tool\maptool\default\debug\babegazi_warrior_ani.obj
c:\users\shinho\desktop\팀폴_c9\trunk\tool\maptool\default\debug\camera_maptool.obj
c:\users\shinho\desktop\팀폴_c9\trunk\tool\maptool\default\debug\cube.obj
c:\users\shinho\desktop\팀폴_c9\trunk\tool\maptool\default\debug\environment.obj
c:\users\shinho\desktop\팀폴_c9\trunk\tool\maptool\default\debug\mainapp.obj
c:\users\shinho\desktop\팀폴_c9\trunk\tool\maptool\default\debug\maptooltab.obj
c:\users\shinho\desktop\팀폴_c9\trunk\tool\maptool\bin\maptool.ilk
c:\users\shinho\desktop\팀폴_c9\trunk\tool\maptool\bin\maptool.exe
c:\users\shinho\desktop\팀폴_c9\trunk\tool\maptool\bin\maptool.pdb
c:\users\shinho\desktop\팀폴_c9\trunk\tool\maptool\bin\maptool.lib
c:\users\shinho\desktop\팀폴_c9\trunk\tool\maptool\bin\maptool.exp
c:\users\shinho\desktop\팀폴_c9\trunk\tool\maptool\default\debug\maptool.res
c:\users\shinho\desktop\팀폴_c9\trunk\tool\maptool\default\../bin\maptool.exe
c:\users\shinho\desktop\팀폴_c9\trunk\tool\maptool\default\debug\maptool.tlog\cl.command.1.tlog
c:\users\shinho\desktop\팀폴_c9\trunk\tool\maptool\default\debug\maptool.tlog\cl.read.1.tlog
c:\users\shinho\desktop\팀폴_c9\trunk\tool\maptool\default\debug\maptool.tlog\cl.write.1.tlog
c:\users\shinho\desktop\팀폴_c9\trunk\tool\maptool\default\debug\maptool.tlog\link.command.1.tlog
c:\users\shinho\desktop\팀폴_c9\trunk\tool\maptool\default\debug\maptool.tlog\link.read.1.tlog
c:\users\shinho\desktop\팀폴_c9\trunk\tool\maptool\default\debug\maptool.tlog\link.write.1.tlog
c:\users\shinho\desktop\팀폴_c9\trunk\tool\maptool\default\debug\maptool.tlog\maptool.write.1u.tlog
c:\users\shinho\desktop\팀폴_c9\trunk\tool\maptool\default\debug\maptool.tlog\rc.command.1.tlog
c:\users\shinho\desktop\팀폴_c9\trunk\tool\maptool\default\debug\maptool.tlog\rc.read.1.tlog
c:\users\shinho\desktop\팀폴_c9\trunk\tool\maptool\default\debug\maptool.tlog\rc.write.1.tlog
