c:\users\shinho\desktop\팀폴_c9\trunk\client\default\release\client.pch
c:\users\shinho\desktop\팀폴_c9\trunk\client\default\release\vc140.pdb
c:\users\shinho\desktop\팀폴_c9\trunk\client\default\release\stdafx.obj
c:\users\shinho\desktop\팀폴_c9\trunk\client\default\release\ai_combat2_bardiel.obj
c:\users\shinho\desktop\팀폴_c9\trunk\client\default\release\ai_combat1_kcommander.obj
c:\users\shinho\desktop\팀폴_c9\trunk\client\default\release\ai_clean2_bardiel.obj
c:\users\shinho\desktop\팀폴_c9\trunk\client\default\release\ai_changephase2_bardiel.obj
c:\users\shinho\desktop\팀폴_c9\trunk\client\default\release\ai_cameraintro_hanuman.obj
c:\users\shinho\desktop\팀폴_c9\trunk\client\default\release\ai_cameraintro_bardiel.obj
c:\users\shinho\desktop\팀폴_c9\trunk\client\default\release\ai_breath_hanuman.obj
c:\users\shinho\desktop\팀폴_c9\trunk\client\default\release\ai_bodyspin1_kcommander.obj
c:\users\shinho\desktop\팀폴_c9\trunk\client\default\release\ai_bardiel.obj
c:\users\shinho\desktop\팀폴_c9\trunk\client\default\release\ai_babegazi_warrior.obj
c:\users\shinho\desktop\팀폴_c9\trunk\client\default\release\ai_babegazi_bow.obj
c:\users\shinho\desktop\팀폴_c9\trunk\client\default\release\ai_babegazi_axe.obj
c:\users\shinho\desktop\팀폴_c9\trunk\client\default\release\ai_attack_bwarrior.obj
c:\users\shinho\desktop\팀폴_c9\trunk\client\default\release\ai_attack_bbow.obj
c:\users\shinho\desktop\팀폴_c9\trunk\client\default\release\ai_attack2_kcommander.obj
c:\users\shinho\desktop\팀폴_c9\trunk\client\default\release\ai_attack2_hanuman.obj
c:\users\shinho\desktop\팀폴_c9\trunk\client\default\release\ai_attack2_baxe.obj
c:\users\shinho\desktop\팀폴_c9\trunk\client\default\release\ai_attack1_hanuman.obj
c:\users\shinho\desktop\팀폴_c9\trunk\client\default\release\ai_attack1_baxe.obj
c:\users\shinho\desktop\팀폴_c9\trunk\client\default\release\actionstartobj.obj
c:\users\shinho\desktop\팀폴_c9\trunk\client\default\release\ai_down_baxe.obj
c:\users\shinho\desktop\팀폴_c9\trunk\client\default\release\ai_divide2_bardiel.obj
c:\users\shinho\desktop\팀폴_c9\trunk\client\default\release\ai_discovery_kcommander.obj
c:\users\shinho\desktop\팀폴_c9\trunk\client\default\release\ai_discovery_bwarrior.obj
c:\users\shinho\desktop\팀폴_c9\trunk\client\default\release\ai_discovery_bbow.obj
c:\users\shinho\desktop\팀폴_c9\trunk\client\default\release\ai_discovery_baxe.obj
c:\users\shinho\desktop\팀폴_c9\trunk\client\default\release\ai_defence_bwarrior.obj
c:\users\shinho\desktop\팀폴_c9\trunk\client\default\release\ai_defence_baxe.obj
c:\users\shinho\desktop\팀폴_c9\trunk\client\default\release\ai_defence2_kcommander.obj
c:\users\shinho\desktop\팀폴_c9\trunk\client\default\release\ai_death_kcommander.obj
c:\users\shinho\desktop\팀폴_c9\trunk\client\default\release\ai_death_hanuman.obj
c:\users\shinho\desktop\팀폴_c9\trunk\client\default\release\ai_death_bwarrior.obj
c:\users\shinho\desktop\팀폴_c9\trunk\client\default\release\ai_death_bbow.obj
c:\users\shinho\desktop\팀폴_c9\trunk\client\default\release\ai_death_baxe.obj
c:\users\shinho\desktop\팀폴_c9\trunk\client\default\release\ai_crazyfoot_hanuman.obj
c:\users\shinho\desktop\팀폴_c9\trunk\client\default\release\ai_combo_hanuman.obj
c:\users\shinho\desktop\팀폴_c9\trunk\client\default\release\ai_combat_bwarrior.obj
c:\users\shinho\desktop\팀폴_c9\trunk\client\default\release\ai_combat_bbow.obj
c:\users\shinho\desktop\팀폴_c9\trunk\client\default\release\ai_combat_baxe.obj
c:\users\shinho\desktop\팀폴_c9\trunk\client\default\release\ai_combat2_kcommander.obj
c:\users\shinho\desktop\팀폴_c9\trunk\client\default\release\ai_lava1_bardiel.obj
c:\users\shinho\desktop\팀폴_c9\trunk\client\default\release\ai_knole_commander.obj
c:\users\shinho\desktop\팀폴_c9\trunk\client\default\release\ai_idle_kcommander.obj
c:\users\shinho\desktop\팀폴_c9\trunk\client\default\release\ai_idle_hanuman.obj
c:\users\shinho\desktop\팀폴_c9\trunk\client\default\release\ai_idle_bwarrior.obj
c:\users\shinho\desktop\팀폴_c9\trunk\client\default\release\ai_idle_bbow.obj
c:\users\shinho\desktop\팀폴_c9\trunk\client\default\release\ai_idle_baxe.obj
c:\users\shinho\desktop\팀폴_c9\trunk\client\default\release\ai_idle2_bardiel.obj
c:\users\shinho\desktop\팀폴_c9\trunk\client\default\release\ai_idle1_bardiel.obj
c:\users\shinho\desktop\팀폴_c9\trunk\client\default\release\ai_hanuman.obj
c:\users\shinho\desktop\팀폴_c9\trunk\client\default\release\ai_handattack1_kcommander.obj
c:\users\shinho\desktop\팀폴_c9\trunk\client\default\release\ai_hammer2_bardiel.obj
c:\users\shinho\desktop\팀폴_c9\trunk\client\default\release\ai_firewall2_bardiel.obj
c:\users\shinho\desktop\팀폴_c9\trunk\client\default\release\ai_firerain2_bardiel.obj
c:\users\shinho\desktop\팀폴_c9\trunk\client\default\release\ai_firepillar1_bardiel.obj
c:\users\shinho\desktop\팀폴_c9\trunk\client\default\release\ai_fireframe1_bardiel.obj
c:\users\shinho\desktop\팀폴_c9\trunk\client\default\release\ai_fireball1_bardiel.obj
c:\users\shinho\desktop\팀폴_c9\trunk\client\default\release\ai_down_kcommander.obj
c:\users\shinho\desktop\팀폴_c9\trunk\client\default\release\ai_down_bwarrior.obj
c:\users\shinho\desktop\팀폴_c9\trunk\client\default\release\ai_down_bbow.obj
c:\users\shinho\desktop\팀폴_c9\trunk\client\default\release\armlet_space.obj
c:\users\shinho\desktop\팀폴_c9\trunk\client\default\release\amulet_space.obj
c:\users\shinho\desktop\팀폴_c9\trunk\client\default\release\ai_whirlwind2_bardiel.obj
c:\users\shinho\desktop\팀폴_c9\trunk\client\default\release\ai_volcano2_bardiel.obj
c:\users\shinho\desktop\팀폴_c9\trunk\client\default\release\ai_trace_kcommander.obj
c:\users\shinho\desktop\팀폴_c9\trunk\client\default\release\ai_trace_hanuman.obj
c:\users\shinho\desktop\팀폴_c9\trunk\client\default\release\ai_trace_bwarrior.obj
c:\users\shinho\desktop\팀폴_c9\trunk\client\default\release\ai_trace_bbow.obj
c:\users\shinho\desktop\팀폴_c9\trunk\client\default\release\ai_trace_baxe.obj
c:\users\shinho\desktop\팀폴_c9\trunk\client\default\release\ai_spinattack2_kcommander.obj
c:\users\shinho\desktop\팀폴_c9\trunk\client\default\release\ai_shorthammer2_bardiel.obj
c:\users\shinho\desktop\팀폴_c9\trunk\client\default\release\ai_combat1_bardiel.obj
c:\users\shinho\desktop\팀폴_c9\trunk\client\default\release\ai_roundpunch_hanuman.obj
c:\users\shinho\desktop\팀폴_c9\trunk\client\default\release\ai_roar_hanuman.obj
c:\users\shinho\desktop\팀폴_c9\trunk\client\default\release\ai_roaming_kcommander.obj
c:\users\shinho\desktop\팀폴_c9\trunk\client\default\release\ai_roaming_bwarrior.obj
c:\users\shinho\desktop\팀폴_c9\trunk\client\default\release\ai_roaming_bbow.obj
c:\users\shinho\desktop\팀폴_c9\trunk\client\default\release\ai_roaming_baxe.obj
c:\users\shinho\desktop\팀폴_c9\trunk\client\default\release\ai_penalty1_bardiel.obj
c:\users\shinho\desktop\팀폴_c9\trunk\client\default\release\ai_lfoot2_bardiel.obj
c:\users\shinho\desktop\팀폴_c9\trunk\client\default\release\breathbullet.obj
c:\users\shinho\desktop\팀폴_c9\trunk\client\default\release\boss_subname.obj
c:\users\shinho\desktop\팀폴_c9\trunk\client\default\release\boss_name.obj
c:\users\shinho\desktop\팀폴_c9\trunk\client\default\release\boss_logo.obj
c:\users\shinho\desktop\팀폴_c9\trunk\client\default\release\boss_base.obj
c:\users\shinho\desktop\팀폴_c9\trunk\client\default\release\bosstex.obj
c:\users\shinho\desktop\팀폴_c9\trunk\client\default\release\bossoutbar.obj
c:\users\shinho\desktop\팀폴_c9\trunk\client\default\release\bossname.obj
c:\users\shinho\desktop\팀폴_c9\trunk\client\default\release\bossgage.obj
c:\users\shinho\desktop\팀폴_c9\trunk\client\default\release\bossbareffect.obj
c:\users\shinho\desktop\팀폴_c9\trunk\client\default\release\bossbar.obj
c:\users\shinho\desktop\팀폴_c9\trunk\client\default\release\blackrosetrail.obj
c:\users\shinho\desktop\팀폴_c9\trunk\client\default\release\blackrose.obj
c:\users\shinho\desktop\팀폴_c9\trunk\client\default\release\bardiel_ani.obj
c:\users\shinho\desktop\팀폴_c9\trunk\client\default\release\bardiel.obj
c:\users\shinho\desktop\팀폴_c9\trunk\client\default\release\babegazi_bow_ani.obj
c:\users\shinho\desktop\팀폴_c9\trunk\client\default\release\babegazi_bow.obj
c:\users\shinho\desktop\팀폴_c9\trunk\client\default\release\arrow_space.obj
c:\users\shinho\desktop\팀폴_c9\trunk\client\default\release\arrow.obj
c:\users\shinho\desktop\팀폴_c9\trunk\client\default\release\armor_space.obj
c:\users\shinho\desktop\팀폴_c9\trunk\client\default\release\frameprojector.obj
c:\users\shinho\desktop\팀폴_c9\trunk\client\default\release\damparent.obj
c:\users\shinho\desktop\팀폴_c9\trunk\client\default\release\damnum.obj
c:\users\shinho\desktop\팀폴_c9\trunk\client\default\release\footprint.obj
c:\users\shinho\desktop\팀폴_c9\trunk\client\default\release\firewall.obj
c:\users\shinho\desktop\팀폴_c9\trunk\client\default\release\fireframe.obj
c:\users\shinho\desktop\팀폴_c9\trunk\client\default\release\fireballparticle.obj
c:\users\shinho\desktop\팀폴_c9\trunk\client\default\release\fireball.obj
c:\users\shinho\desktop\팀폴_c9\trunk\client\default\release\fade_manager.obj
c:\users\shinho\desktop\팀폴_c9\trunk\client\default\release\fade.obj
c:\users\shinho\desktop\팀폴_c9\trunk\client\default\release\exp_gage.obj
c:\users\shinho\desktop\팀폴_c9\trunk\client\default\release\exp_base.obj
c:\users\shinho\desktop\팀폴_c9\trunk\client\default\release\divide.obj
c:\users\shinho\desktop\팀폴_c9\trunk\client\default\release\cyclone.obj
c:\users\shinho\desktop\팀폴_c9\trunk\client\default\release\curtain.obj
c:\users\shinho\desktop\팀폴_c9\trunk\client\default\release\critical.obj
c:\users\shinho\desktop\팀폴_c9\trunk\client\default\release\crazyfoot.obj
c:\users\shinho\desktop\팀폴_c9\trunk\client\default\release\clean.obj
c:\users\shinho\desktop\팀폴_c9\trunk\client\default\release\cooltimemgr.obj
c:\users\shinho\desktop\팀폴_c9\trunk\client\default\release\changephase2.obj
c:\users\shinho\desktop\팀폴_c9\trunk\client\default\release\login_effect.obj
c:\users\shinho\desktop\팀폴_c9\trunk\client\default\release\levelup_back.obj
c:\users\shinho\desktop\팀폴_c9\trunk\client\default\release\levelup.obj
c:\users\shinho\desktop\팀폴_c9\trunk\client\default\release\knole_commander_ani.obj
c:\users\shinho\desktop\팀폴_c9\trunk\client\default\release\knole_commander.obj
c:\users\shinho\desktop\팀폴_c9\trunk\client\default\release\icicle.obj
c:\users\shinho\desktop\팀폴_c9\trunk\client\default\release\icetwister.obj
c:\users\shinho\desktop\팀폴_c9\trunk\client\default\release\hitexplosion.obj
c:\users\shinho\desktop\팀폴_c9\trunk\client\default\release\hitdir.obj
c:\users\shinho\desktop\팀폴_c9\trunk\client\default\release\hanumanfire.obj
c:\users\shinho\desktop\팀폴_c9\trunk\client\default\release\hanumaneye.obj
c:\users\shinho\desktop\팀폴_c9\trunk\client\default\release\hanumancombo.obj
c:\users\shinho\desktop\팀폴_c9\trunk\client\default\release\hanumanbreath.obj
c:\users\shinho\desktop\팀폴_c9\trunk\client\default\release\hanumaattack02.obj
c:\users\shinho\desktop\팀폴_c9\trunk\client\default\release\hanumaattack01_trail.obj
c:\users\shinho\desktop\팀폴_c9\trunk\client\default\release\hanumaattack01.obj
c:\users\shinho\desktop\팀폴_c9\trunk\client\default\release\hammer.obj
c:\users\shinho\desktop\팀폴_c9\trunk\client\default\release\gold.obj
c:\users\shinho\desktop\팀폴_c9\trunk\client\default\release\gate_a.obj
c:\users\shinho\desktop\팀폴_c9\trunk\client\default\release\gate.obj
c:\users\shinho\desktop\팀폴_c9\trunk\client\default\release\button_reset.obj
c:\users\shinho\desktop\팀폴_c9\trunk\client\default\release\button_mb.obj
c:\users\shinho\desktop\팀폴_c9\trunk\client\default\release\button_lf.obj
c:\users\shinho\desktop\팀폴_c9\trunk\client\default\release\button_levelup.obj
c:\users\shinho\desktop\팀폴_c9\trunk\client\default\release\button_item.obj
c:\users\shinho\desktop\팀폴_c9\trunk\client\default\release\button_hdr.obj
c:\users\shinho\desktop\팀폴_c9\trunk\client\default\release\button_gold.obj
c:\users\shinho\desktop\팀폴_c9\trunk\client\default\release\button_fog.obj
c:\users\shinho\desktop\팀폴_c9\trunk\client\default\release\button_exit.obj
c:\users\shinho\desktop\팀폴_c9\trunk\client\default\release\button_dof.obj
c:\users\shinho\desktop\팀폴_c9\trunk\client\default\release\boots_space.obj
c:\users\shinho\desktop\팀폴_c9\trunk\client\default\release\blairesilhouette.obj
c:\users\shinho\desktop\팀폴_c9\trunk\client\default\release\belt_space.obj
c:\users\shinho\desktop\팀폴_c9\trunk\client\default\release\babegazi_warrior_ani.obj
c:\users\shinho\desktop\팀폴_c9\trunk\client\default\release\babegazi_warrior.obj
c:\users\shinho\desktop\팀폴_c9\trunk\client\default\release\babegazi_axe_ani.obj
c:\users\shinho\desktop\팀폴_c9\trunk\client\default\release\babegazi_axe.obj
c:\users\shinho\desktop\팀폴_c9\trunk\client\default\release\monster_name.obj
c:\users\shinho\desktop\팀폴_c9\trunk\client\default\release\lfoot.obj
c:\users\shinho\desktop\팀폴_c9\trunk\client\default\release\meteo.obj
c:\users\shinho\desktop\팀폴_c9\trunk\client\default\release\create_ok_button.obj
c:\users\shinho\desktop\팀폴_c9\trunk\client\default\release\create_movie.obj
c:\users\shinho\desktop\팀폴_c9\trunk\client\default\release\create_input_id.obj
c:\users\shinho\desktop\팀폴_c9\trunk\client\default\release\create_infopanel.obj
c:\users\shinho\desktop\팀폴_c9\trunk\client\default\release\create_class_tooltip.obj
c:\users\shinho\desktop\팀폴_c9\trunk\client\default\release\create_class_texture.obj
c:\users\shinho\desktop\팀폴_c9\trunk\client\default\release\create_class_button.obj
c:\users\shinho\desktop\팀폴_c9\trunk\client\default\release\create_class_background.obj
c:\users\shinho\desktop\팀폴_c9\trunk\client\default\release\compare_tooltip.obj
c:\users\shinho\desktop\팀폴_c9\trunk\client\default\release\combonum.obj
c:\users\shinho\desktop\팀폴_c9\trunk\client\default\release\comboeffect.obj
c:\users\shinho\desktop\팀폴_c9\trunk\client\default\release\combo.obj
c:\users\shinho\desktop\팀폴_c9\trunk\client\default\release\class_texture.obj
c:\users\shinho\desktop\팀폴_c9\trunk\client\default\release\class_mark_base.obj
c:\users\shinho\desktop\팀폴_c9\trunk\client\default\release\class_mark.obj
c:\users\shinho\desktop\팀폴_c9\trunk\client\default\release\cherryblossom.obj
c:\users\shinho\desktop\팀폴_c9\trunk\client\default\release\buy_button.obj
c:\users\shinho\desktop\팀폴_c9\trunk\client\default\release\buy_base.obj
c:\users\shinho\desktop\팀폴_c9\trunk\client\default\release\button_ssao.obj
c:\users\shinho\desktop\팀폴_c9\trunk\client\default\release\button_shadow.obj
c:\users\shinho\desktop\팀폴_c9\trunk\client\default\release\phase2_trail.obj
c:\users\shinho\desktop\팀폴_c9\trunk\client\default\release\penaltytrail.obj
c:\users\shinho\desktop\팀폴_c9\trunk\client\default\release\penalty.obj
c:\users\shinho\desktop\팀폴_c9\trunk\client\default\release\npc_name.obj
c:\users\shinho\desktop\팀폴_c9\trunk\client\default\release\npc_col.obj
c:\users\shinho\desktop\팀폴_c9\trunk\client\default\release\mouseeff.obj
c:\users\shinho\desktop\팀폴_c9\trunk\client\default\release\hanuman_ani.obj
c:\users\shinho\desktop\팀폴_c9\trunk\client\default\release\hanuman.obj
c:\users\shinho\desktop\팀폴_c9\trunk\client\default\release\model_wb_weapon.obj
c:\users\shinho\desktop\팀폴_c9\trunk\client\default\release\map_fire.obj
c:\users\shinho\desktop\팀폴_c9\trunk\client\default\release\misticbullet.obj
c:\users\shinho\desktop\팀폴_c9\trunk\client\default\release\inven_char_model.obj
c:\users\shinho\desktop\팀폴_c9\trunk\client\default\release\debug_check.obj
c:\users\shinho\desktop\팀폴_c9\trunk\client\default\release\darksword.obj
c:\users\shinho\desktop\팀폴_c9\trunk\client\default\release\darkpollingwave.obj
c:\users\shinho\desktop\팀폴_c9\trunk\client\default\release\darkpollinggrave.obj
c:\users\shinho\desktop\팀폴_c9\trunk\client\default\release\cursor.obj
c:\users\shinho\desktop\팀폴_c9\trunk\client\default\release\culling_manager.obj
c:\users\shinho\desktop\팀폴_c9\trunk\client\default\release\cube.obj
c:\users\shinho\desktop\팀폴_c9\trunk\client\default\release\create_pentagon.obj
c:\users\shinho\desktop\팀폴_c9\trunk\client\default\release\roar.obj
c:\users\shinho\desktop\팀폴_c9\trunk\client\default\release\returnstage.obj
c:\users\shinho\desktop\팀폴_c9\trunk\client\default\release\resulttitle.obj
c:\users\shinho\desktop\팀폴_c9\trunk\client\default\release\resultnum.obj
c:\users\shinho\desktop\팀폴_c9\trunk\client\default\release\resultitemx.obj
c:\users\shinho\desktop\팀폴_c9\trunk\client\default\release\resultitemlogo.obj
c:\users\shinho\desktop\팀폴_c9\trunk\client\default\release\resultitemlock.obj
c:\users\shinho\desktop\팀폴_c9\trunk\client\default\release\resultitemchar.obj
c:\users\shinho\desktop\팀폴_c9\trunk\client\default\release\resultitembox.obj
c:\users\shinho\desktop\팀폴_c9\trunk\client\default\release\resultitembase.obj
c:\users\shinho\desktop\팀폴_c9\trunk\client\default\release\resultbase.obj
c:\users\shinho\desktop\팀폴_c9\trunk\client\default\release\reflectdust.obj
c:\users\shinho\desktop\팀폴_c9\trunk\client\default\release\lavetrail.obj
c:\users\shinho\desktop\팀폴_c9\trunk\client\default\release\lava.obj
c:\users\shinho\desktop\팀폴_c9\trunk\client\default\release\pledgering.obj
c:\users\shinho\desktop\팀폴_c9\trunk\client\default\release\playername.obj
c:\users\shinho\desktop\팀폴_c9\trunk\client\default\release\playerhit.obj
c:\users\shinho\desktop\팀폴_c9\trunk\client\default\release\playerdamparent.obj
c:\users\shinho\desktop\팀폴_c9\trunk\client\default\release\playerdamnum.obj
c:\users\shinho\desktop\팀폴_c9\trunk\client\default\release\pillar.obj
c:\users\shinho\desktop\팀폴_c9\trunk\client\default\release\summon.obj
c:\users\shinho\desktop\팀폴_c9\trunk\client\default\release\subtitle.obj
c:\users\shinho\desktop\팀폴_c9\trunk\client\default\release\stageclear.obj
c:\users\shinho\desktop\팀폴_c9\trunk\client\default\release\sprialdance_out_trail.obj
c:\users\shinho\desktop\팀폴_c9\trunk\client\default\release\sprialdance_in_trail.obj
c:\users\shinho\desktop\팀폴_c9\trunk\client\default\release\spiraldance.obj
c:\users\shinho\desktop\팀폴_c9\trunk\client\default\release\spinningthrown.obj
c:\users\shinho\desktop\팀폴_c9\trunk\client\default\release\spinninghearttrail.obj
c:\users\shinho\desktop\팀폴_c9\trunk\client\default\release\spinningheart.obj
c:\users\shinho\desktop\팀폴_c9\trunk\client\default\release\spinningbullet.obj
c:\users\shinho\desktop\팀폴_c9\trunk\client\default\release\sound_manager.obj
c:\users\shinho\desktop\팀폴_c9\trunk\client\default\release\sound.obj
c:\users\shinho\desktop\팀폴_c9\trunk\client\default\release\snowball_ani.obj
c:\users\shinho\desktop\팀폴_c9\trunk\client\default\release\snowball.obj
c:\users\shinho\desktop\팀폴_c9\trunk\client\default\release\snow.obj
c:\users\shinho\desktop\팀폴_c9\trunk\client\default\release\shorthammer.obj
c:\users\shinho\desktop\팀폴_c9\trunk\client\default\release\scene_stage_fire.obj
c:\users\shinho\desktop\팀폴_c9\trunk\client\default\release\scene_loadingforfire.obj
c:\users\shinho\desktop\팀폴_c9\trunk\client\default\release\roundpunch.obj
c:\users\shinho\desktop\팀폴_c9\trunk\client\default\release\rock.obj
c:\users\shinho\desktop\팀폴_c9\trunk\client\default\release\mistic_state.obj
c:\users\shinho\desktop\팀폴_c9\trunk\client\default\release\mistic_fight.obj
c:\users\shinho\desktop\팀폴_c9\trunk\client\default\release\mistic_dungeon.obj
c:\users\shinho\desktop\팀폴_c9\trunk\client\default\release\misticweapon.obj
c:\users\shinho\desktop\팀폴_c9\trunk\client\default\release\mistic.obj
c:\users\shinho\desktop\팀폴_c9\trunk\client\default\release\hillturn.obj
c:\users\shinho\desktop\팀폴_c9\trunk\client\default\release\flydancetrail.obj
c:\users\shinho\desktop\팀폴_c9\trunk\client\default\release\flydance.obj
c:\users\shinho\desktop\팀폴_c9\trunk\client\default\release\dragondance.obj
c:\users\shinho\desktop\팀폴_c9\trunk\client\default\release\ui_downkick.obj
c:\users\shinho\desktop\팀폴_c9\trunk\client\default\release\ui_cooltime.obj
c:\users\shinho\desktop\팀폴_c9\trunk\client\default\release\ui_cooleff.obj
c:\users\shinho\desktop\팀폴_c9\trunk\client\default\release\uieffect.obj
c:\users\shinho\desktop\팀폴_c9\trunk\client\default\release\twister.obj
c:\users\shinho\desktop\팀폴_c9\trunk\client\default\release\trickyrabbittrail.obj
c:\users\shinho\desktop\팀폴_c9\trunk\client\default\release\trickyrabbit.obj
c:\users\shinho\desktop\팀폴_c9\trunk\client\default\release\trap.obj
c:\users\shinho\desktop\팀폴_c9\trunk\client\default\release\totalrankback.obj
c:\users\shinho\desktop\팀폴_c9\trunk\client\default\release\totalrank.obj
c:\users\shinho\desktop\팀폴_c9\trunk\client\default\release\summonparticle.obj
c:\users\shinho\desktop\팀폴_c9\trunk\client\default\release\fire.obj
c:\users\shinho\desktop\팀폴_c9\trunk\client\default\release\esc_button.obj
c:\users\shinho\desktop\팀폴_c9\trunk\client\default\release\esc_base.obj
c:\users\shinho\desktop\팀폴_c9\trunk\client\default\release\environment.obj
c:\users\shinho\desktop\팀폴_c9\trunk\client\default\release\earing_space.obj
c:\users\shinho\desktop\팀폴_c9\trunk\client\default\release\dungeon_texture.obj
c:\users\shinho\desktop\팀폴_c9\trunk\client\default\release\dungeon_start.obj
c:\users\shinho\desktop\팀폴_c9\trunk\client\default\release\dungeon_shadow.obj
c:\users\shinho\desktop\팀폴_c9\trunk\client\default\release\dungeon_select.obj
c:\users\shinho\desktop\팀폴_c9\trunk\client\default\release\dungeon_base.obj
c:\users\shinho\desktop\팀폴_c9\trunk\client\default\release\dungeon_back.obj
c:\users\shinho\desktop\팀폴_c9\trunk\client\default\release\ui_dragondance.obj
c:\users\shinho\desktop\팀폴_c9\trunk\client\default\release\thrown_arrow.obj
c:\users\shinho\desktop\팀폴_c9\trunk\client\default\release\spinturnthrusttrail.obj
c:\users\shinho\desktop\팀폴_c9\trunk\client\default\release\spinturnthrustdust.obj
c:\users\shinho\desktop\팀폴_c9\trunk\client\default\release\sell_button.obj
c:\users\shinho\desktop\팀폴_c9\trunk\client\default\release\sell_base.obj
c:\users\shinho\desktop\팀폴_c9\trunk\client\default\release\pledgeblade.obj
c:\users\shinho\desktop\팀폴_c9\trunk\client\default\release\numberingmgr.obj
c:\users\shinho\desktop\팀폴_c9\trunk\client\default\release\mistic_town.obj
c:\users\shinho\desktop\팀폴_c9\trunk\client\default\release\loading_char.obj
c:\users\shinho\desktop\팀폴_c9\trunk\client\default\release\loading_bar.obj
c:\users\shinho\desktop\팀폴_c9\trunk\client\default\release\loading_background.obj
c:\users\shinho\desktop\팀폴_c9\trunk\client\default\release\loading.obj
c:\users\shinho\desktop\팀폴_c9\trunk\client\default\release\lightcamera.obj
c:\users\shinho\desktop\팀폴_c9\trunk\client\default\release\level_base.obj
c:\users\shinho\desktop\팀폴_c9\trunk\client\default\release\leg_space.obj
c:\users\shinho\desktop\팀폴_c9\trunk\client\default\release\lb_check.obj
c:\users\shinho\desktop\팀폴_c9\trunk\client\default\release\inven_space.obj
c:\users\shinho\desktop\팀폴_c9\trunk\client\default\release\inven_sheet.obj
c:\users\shinho\desktop\팀폴_c9\trunk\client\default\release\inven_scroll_button.obj
c:\users\shinho\desktop\팀폴_c9\trunk\client\default\release\inven_scroll_bar.obj
c:\users\shinho\desktop\팀폴_c9\trunk\client\default\release\inven_delete.obj
c:\users\shinho\desktop\팀폴_c9\trunk\client\default\release\inven_block.obj
c:\users\shinho\desktop\팀폴_c9\trunk\client\default\release\inven_base.obj
c:\users\shinho\desktop\팀폴_c9\trunk\client\default\release\inven_array.obj
c:\users\shinho\desktop\팀폴_c9\trunk\client\default\release\helmet_space.obj
c:\users\shinho\desktop\팀폴_c9\trunk\client\default\release\glove_space.obj
c:\users\shinho\desktop\팀폴_c9\trunk\client\default\release\game_start_banner.obj
c:\users\shinho\desktop\팀폴_c9\trunk\client\default\release\fps_check.obj
c:\users\shinho\desktop\팀폴_c9\trunk\client\default\release\map_ice.obj
c:\users\shinho\desktop\팀폴_c9\trunk\client\default\release\mapcamera.obj
c:\users\shinho\desktop\팀폴_c9\trunk\client\default\release\main_pvp_button.obj
c:\users\shinho\desktop\팀폴_c9\trunk\client\default\release\main_inven_button.obj
c:\users\shinho\desktop\팀폴_c9\trunk\client\default\release\main_font.obj
c:\users\shinho\desktop\팀폴_c9\trunk\client\default\release\main_cashshop_button.obj
c:\users\shinho\desktop\팀폴_c9\trunk\client\default\release\main_block.obj
c:\users\shinho\desktop\팀폴_c9\trunk\client\default\release\main_base.obj
c:\users\shinho\desktop\팀폴_c9\trunk\client\default\release\mainapp.obj
c:\users\shinho\desktop\팀폴_c9\trunk\client\default\release\l_weapon_space.obj
c:\users\shinho\desktop\팀폴_c9\trunk\client\default\release\login_window.obj
c:\users\shinho\desktop\팀폴_c9\trunk\client\default\release\login_topback.obj
c:\users\shinho\desktop\팀폴_c9\trunk\client\default\release\login_enter_button.obj
c:\users\shinho\desktop\팀폴_c9\trunk\client\default\release\login_bottomback.obj
c:\users\shinho\desktop\팀폴_c9\trunk\client\default\release\login_banner.obj
c:\users\shinho\desktop\팀폴_c9\trunk\client\default\release\login_background.obj
c:\users\shinho\desktop\팀폴_c9\trunk\client\default\release\login_adm.obj
c:\users\shinho\desktop\팀폴_c9\trunk\client\default\release\loading_gage_effect.obj
c:\users\shinho\desktop\팀폴_c9\trunk\client\default\release\loading_gage.obj
c:\users\shinho\desktop\팀폴_c9\trunk\client\default\release\loading_effect.obj
c:\users\shinho\desktop\팀폴_c9\trunk\client\default\release\option_guild.obj
c:\users\shinho\desktop\팀폴_c9\trunk\client\default\release\option_base.obj
c:\users\shinho\desktop\팀폴_c9\trunk\client\default\release\opening_banner.obj
c:\users\shinho\desktop\팀폴_c9\trunk\client\default\release\npc_weapon.obj
c:\users\shinho\desktop\팀폴_c9\trunk\client\default\release\npc_potion.obj
c:\users\shinho\desktop\팀폴_c9\trunk\client\default\release\npc_book.obj
c:\users\shinho\desktop\팀폴_c9\trunk\client\default\release\npc_armor.obj
c:\users\shinho\desktop\팀폴_c9\trunk\client\default\release\npc.obj
c:\users\shinho\desktop\팀폴_c9\trunk\client\default\release\mouse_check.obj
c:\users\shinho\desktop\팀폴_c9\trunk\client\default\release\monster.obj
c:\users\shinho\desktop\팀폴_c9\trunk\client\default\release\model_turn_right.obj
c:\users\shinho\desktop\팀폴_c9\trunk\client\default\release\model_turn_left.obj
c:\users\shinho\desktop\팀폴_c9\trunk\client\default\release\model_floor.obj
c:\users\shinho\desktop\팀폴_c9\trunk\client\default\release\miniplayer.obj
c:\users\shinho\desktop\팀폴_c9\trunk\client\default\release\minimap_zoomout.obj
c:\users\shinho\desktop\팀폴_c9\trunk\client\default\release\minimap_zoomin.obj
c:\users\shinho\desktop\팀폴_c9\trunk\client\default\release\minimap_base.obj
c:\users\shinho\desktop\팀폴_c9\trunk\client\default\release\minimap.obj
c:\users\shinho\desktop\팀폴_c9\trunk\client\default\release\mediaui.obj
c:\users\shinho\desktop\팀폴_c9\trunk\client\default\release\map_store.obj
c:\users\shinho\desktop\팀폴_c9\trunk\client\default\release\reflect.obj
c:\users\shinho\desktop\팀폴_c9\trunk\client\default\release\portal.obj
c:\users\shinho\desktop\팀폴_c9\trunk\client\default\release\playercamera.obj
c:\users\shinho\desktop\팀폴_c9\trunk\client\default\release\player.obj
c:\users\shinho\desktop\팀폴_c9\trunk\client\default\release\partition_up_button.obj
c:\users\shinho\desktop\팀폴_c9\trunk\client\default\release\partition_max_button.obj
c:\users\shinho\desktop\팀폴_c9\trunk\client\default\release\partition_down_button.obj
c:\users\shinho\desktop\팀폴_c9\trunk\client\default\release\partition_button.obj
c:\users\shinho\desktop\팀폴_c9\trunk\client\default\release\partition_base.obj
c:\users\shinho\desktop\팀폴_c9\trunk\client\default\release\particle.obj
c:\users\shinho\desktop\팀폴_c9\trunk\client\default\release\page_next_button.obj
c:\users\shinho\desktop\팀폴_c9\trunk\client\default\release\page_back_button.obj
c:\users\shinho\desktop\팀폴_c9\trunk\client\default\release\option_system.obj
c:\users\shinho\desktop\팀폴_c9\trunk\client\default\release\option_skill.obj
c:\users\shinho\desktop\팀폴_c9\trunk\client\default\release\option_quest.obj
c:\users\shinho\desktop\팀폴_c9\trunk\client\default\release\option_p.obj
c:\users\shinho\desktop\팀폴_c9\trunk\client\default\release\option_o.obj
c:\users\shinho\desktop\팀폴_c9\trunk\client\default\release\option_j.obj
c:\users\shinho\desktop\팀폴_c9\trunk\client\default\release\option_home.obj
c:\users\shinho\desktop\팀폴_c9\trunk\client\default\release\option_help.obj
c:\users\shinho\desktop\팀폴_c9\trunk\client\default\release\select_side_bar.obj
c:\users\shinho\desktop\팀폴_c9\trunk\client\default\release\select_char_model.obj
c:\users\shinho\desktop\팀폴_c9\trunk\client\default\release\select_char_button.obj
c:\users\shinho\desktop\팀폴_c9\trunk\client\default\release\select_background.obj
c:\users\shinho\desktop\팀폴_c9\trunk\client\default\release\screenspacedecal.obj
c:\users\shinho\desktop\팀폴_c9\trunk\client\default\release\scene_town.obj
c:\users\shinho\desktop\팀폴_c9\trunk\client\default\release\scene_stage_ice.obj
c:\users\shinho\desktop\팀폴_c9\trunk\client\default\release\scene_select.obj
c:\users\shinho\desktop\팀폴_c9\trunk\client\default\release\scene_logo.obj
c:\users\shinho\desktop\팀폴_c9\trunk\client\default\release\scene_login.obj
c:\users\shinho\desktop\팀폴_c9\trunk\client\default\release\scene_loadingfortown.obj
c:\users\shinho\desktop\팀폴_c9\trunk\client\default\release\scene_loadingforice.obj
c:\users\shinho\desktop\팀폴_c9\trunk\client\default\release\scene_create.obj
c:\users\shinho\desktop\팀폴_c9\trunk\client\default\release\r_weapon_space.obj
c:\users\shinho\desktop\팀폴_c9\trunk\client\default\release\riseattack.obj
c:\users\shinho\desktop\팀폴_c9\trunk\client\default\release\ring2_space.obj
c:\users\shinho\desktop\팀폴_c9\trunk\client\default\release\ring1_space.obj
c:\users\shinho\desktop\팀폴_c9\trunk\client\default\release\ring.obj
c:\users\shinho\desktop\팀폴_c9\trunk\client\default\release\riddlekick.obj
c:\users\shinho\desktop\팀폴_c9\trunk\client\default\release\reflectmesh.obj
c:\users\shinho\desktop\팀폴_c9\trunk\client\default\release\sphereparticle.obj
c:\users\shinho\desktop\팀폴_c9\trunk\client\default\release\softranding.obj
c:\users\shinho\desktop\팀폴_c9\trunk\client\default\release\slot_up_button.obj
c:\users\shinho\desktop\팀폴_c9\trunk\client\default\release\slot_down_button.obj
c:\users\shinho\desktop\팀폴_c9\trunk\client\default\release\slide_effectsound.obj
c:\users\shinho\desktop\팀폴_c9\trunk\client\default\release\slide_bright.obj
c:\users\shinho\desktop\팀폴_c9\trunk\client\default\release\slide_bloom.obj
c:\users\shinho\desktop\팀폴_c9\trunk\client\default\release\slide_backsound.obj
c:\users\shinho\desktop\팀폴_c9\trunk\client\default\release\skill_tooltip.obj
c:\users\shinho\desktop\팀폴_c9\trunk\client\default\release\skill_sheet.obj
c:\users\shinho\desktop\팀폴_c9\trunk\client\default\release\skill_block.obj
c:\users\shinho\desktop\팀폴_c9\trunk\client\default\release\skill_base.obj
c:\users\shinho\desktop\팀폴_c9\trunk\client\default\release\skill_avi.obj
c:\users\shinho\desktop\팀폴_c9\trunk\client\default\release\skillstone_space.obj
c:\users\shinho\desktop\팀폴_c9\trunk\client\default\release\shorder_space.obj
c:\users\shinho\desktop\팀폴_c9\trunk\client\default\release\shop_tooltip.obj
c:\users\shinho\desktop\팀폴_c9\trunk\client\default\release\shop_sheet.obj
c:\users\shinho\desktop\팀폴_c9\trunk\client\default\release\shop_cancle.obj
c:\users\shinho\desktop\팀폴_c9\trunk\client\default\release\shop_block.obj
c:\users\shinho\desktop\팀폴_c9\trunk\client\default\release\shop_base.obj
c:\users\shinho\desktop\팀폴_c9\trunk\client\default\release\ui_blaresiluet.obj
c:\users\shinho\desktop\팀폴_c9\trunk\client\default\release\ui_blackrose.obj
c:\users\shinho\desktop\팀폴_c9\trunk\client\default\release\ui_belt.obj
c:\users\shinho\desktop\팀폴_c9\trunk\client\default\release\ui_armor.obj
c:\users\shinho\desktop\팀폴_c9\trunk\client\default\release\ui_armlet.obj
c:\users\shinho\desktop\팀폴_c9\trunk\client\default\release\ui_amulet.obj
c:\users\shinho\desktop\팀폴_c9\trunk\client\default\release\uicamera.obj
c:\users\shinho\desktop\팀폴_c9\trunk\client\default\release\ui.obj
c:\users\shinho\desktop\팀폴_c9\trunk\client\default\release\trail.obj
c:\users\shinho\desktop\팀폴_c9\trunk\client\default\release\tooltip.obj
c:\users\shinho\desktop\팀폴_c9\trunk\client\default\release\tired_gage.obj
c:\users\shinho\desktop\팀폴_c9\trunk\client\default\release\system_base.obj
c:\users\shinho\desktop\팀폴_c9\trunk\client\default\release\state_gage.obj
c:\users\shinho\desktop\팀폴_c9\trunk\client\default\release\state_base.obj
c:\users\shinho\desktop\팀폴_c9\trunk\client\default\release\state_bar.obj
c:\users\shinho\desktop\팀폴_c9\trunk\client\default\release\srparticle.obj
c:\users\shinho\desktop\팀폴_c9\trunk\client\default\release\srdust.obj
c:\users\shinho\desktop\팀폴_c9\trunk\client\default\release\cooltime.obj
c:\users\shinho\desktop\팀폴_c9\trunk\client\default\release\sprite.obj
c:\users\shinho\desktop\팀폴_c9\trunk\client\default\release\spinturnthrust.obj
c:\users\shinho\desktop\팀폴_c9\trunk\client\default\release\ui_helmet.obj
c:\users\shinho\desktop\팀폴_c9\trunk\client\default\release\ui_gravity.obj
c:\users\shinho\desktop\팀폴_c9\trunk\client\default\release\ui_glove.obj
c:\users\shinho\desktop\팀폴_c9\trunk\client\default\release\ui_geilshot.obj
c:\users\shinho\desktop\팀폴_c9\trunk\client\default\release\ui_flydance.obj
c:\users\shinho\desktop\팀폴_c9\trunk\client\default\release\ui_fladgeblade.obj
c:\users\shinho\desktop\팀폴_c9\trunk\client\default\release\ui_firem.obj
c:\users\shinho\desktop\팀폴_c9\trunk\client\default\release\ui_fade_title.obj
c:\users\shinho\desktop\팀폴_c9\trunk\client\default\release\ui_fade_sub.obj
c:\users\shinho\desktop\팀폴_c9\trunk\client\default\release\ui_fade_line.obj
c:\users\shinho\desktop\팀폴_c9\trunk\client\default\release\ui_evadeatt.obj
c:\users\shinho\desktop\팀폴_c9\trunk\client\default\release\ui_escape.obj
c:\users\shinho\desktop\팀폴_c9\trunk\client\default\release\ui_earing.obj
c:\users\shinho\desktop\팀폴_c9\trunk\client\default\release\ui_dualblade.obj
c:\users\shinho\desktop\팀폴_c9\trunk\client\default\release\ui_dash.obj
c:\users\shinho\desktop\팀폴_c9\trunk\client\default\release\ui_darkpolling.obj
c:\users\shinho\desktop\팀폴_c9\trunk\client\default\release\ui_crossbrits.obj
c:\users\shinho\desktop\팀폴_c9\trunk\client\default\release\ui_criticalup.obj
c:\users\shinho\desktop\팀폴_c9\trunk\client\default\release\ui_boots.obj
c:\users\shinho\desktop\팀폴_c9\trunk\client\default\release\ui_bloodagil.obj
c:\users\shinho\desktop\팀폴_c9\trunk\client\default\release\ui_skill.obj
c:\users\shinho\desktop\팀폴_c9\trunk\client\default\release\ui_siluetdance.obj
c:\users\shinho\desktop\팀폴_c9\trunk\client\default\release\ui_shotjump.obj
c:\users\shinho\desktop\팀폴_c9\trunk\client\default\release\ui_shorder.obj
c:\users\shinho\desktop\팀폴_c9\trunk\client\default\release\ui_shellbuster.obj
c:\users\shinho\desktop\팀폴_c9\trunk\client\default\release\ui_rush.obj
c:\users\shinho\desktop\팀폴_c9\trunk\client\default\release\ui_ring.obj
c:\users\shinho\desktop\팀폴_c9\trunk\client\default\release\ui_potion.obj
c:\users\shinho\desktop\팀폴_c9\trunk\client\default\release\ui_plora.obj
c:\users\shinho\desktop\팀폴_c9\trunk\client\default\release\ui_planitdance.obj
c:\users\shinho\desktop\팀폴_c9\trunk\client\default\release\ui_movingcannon.obj
c:\users\shinho\desktop\팀폴_c9\trunk\client\default\release\ui_maxmpup.obj
c:\users\shinho\desktop\팀폴_c9\trunk\client\default\release\ui_maxhpup.obj
c:\users\shinho\desktop\팀폴_c9\trunk\client\default\release\ui_lockon.obj
c:\users\shinho\desktop\팀폴_c9\trunk\client\default\release\ui_liddlekick.obj
c:\users\shinho\desktop\팀폴_c9\trunk\client\default\release\ui_leg.obj
c:\users\shinho\desktop\팀폴_c9\trunk\client\default\release\ui_jumpdownkick.obj
c:\users\shinho\desktop\팀폴_c9\trunk\client\default\release\ui_item.obj
c:\users\shinho\desktop\팀폴_c9\trunk\client\default\release\ui_holdshot.obj
c:\users\shinho\desktop\팀폴_c9\trunk\client\default\release\ui_hillturn.obj
c:\users\shinho\desktop\팀폴_c9\trunk\client\default\release\volcano.obj
c:\users\shinho\desktop\팀폴_c9\trunk\client\default\release\viperkneekick.obj
c:\users\shinho\desktop\팀폴_c9\trunk\client\default\release\violetcross.obj
c:\users\shinho\desktop\팀폴_c9\trunk\client\default\release\upjuk_ud.obj
c:\users\shinho\desktop\팀폴_c9\trunk\client\default\release\upjuk_effect2.obj
c:\users\shinho\desktop\팀폴_c9\trunk\client\default\release\upjuk_effect.obj
c:\users\shinho\desktop\팀폴_c9\trunk\client\default\release\upjuk_center.obj
c:\users\shinho\desktop\팀폴_c9\trunk\client\default\release\ui_weapon.obj
c:\users\shinho\desktop\팀폴_c9\trunk\client\default\release\ui_viperkick.obj
c:\users\shinho\desktop\팀폴_c9\trunk\client\default\release\ui_violet.obj
c:\users\shinho\desktop\팀폴_c9\trunk\client\default\release\ui_urbanbreak.obj
c:\users\shinho\desktop\팀폴_c9\trunk\client\default\release\ui_upperkick.obj
c:\users\shinho\desktop\팀폴_c9\trunk\client\default\release\ui_upatt.obj
c:\users\shinho\desktop\팀폴_c9\trunk\client\default\release\ui_trickyrabbit.obj
c:\users\shinho\desktop\팀폴_c9\trunk\client\default\release\ui_techdown.obj
c:\users\shinho\desktop\팀폴_c9\trunk\client\default\release\ui_spirerdance.obj
c:\users\shinho\desktop\팀폴_c9\trunk\client\default\release\ui_spinturn.obj
c:\users\shinho\desktop\팀폴_c9\trunk\client\default\release\ui_spiningheart.obj
c:\users\shinho\desktop\팀폴_c9\trunk\client\default\release\ui_spincrash.obj
c:\users\shinho\desktop\팀폴_c9\trunk\client\default\release\ui_softranding.obj
c:\users\shinho\desktop\팀폴_c9\trunk\client\default\release\client.obj
c:\users\shinho\desktop\팀폴_c9\trunk\client\default\release\world_hp_gage.obj
c:\users\shinho\desktop\팀폴_c9\trunk\client\default\release\world_hp_bar.obj
c:\users\shinho\desktop\팀폴_c9\trunk\client\default\release\astarmanager.obj
c:\users\shinho\desktop\팀폴_c9\trunk\client\default\release\worldcamera.obj
c:\users\shinho\desktop\팀폴_c9\trunk\client\default\release\witch_town.obj
c:\users\shinho\desktop\팀폴_c9\trunk\client\default\release\witch_state.obj
c:\users\shinho\desktop\팀폴_c9\trunk\client\default\release\witch_fight.obj
c:\users\shinho\desktop\팀폴_c9\trunk\client\default\release\witch_dungeon.obj
c:\users\shinho\desktop\팀폴_c9\trunk\client\default\release\witchbladeweapon.obj
c:\users\shinho\desktop\팀폴_c9\trunk\client\default\release\witchblade.obj
c:\users\shinho\desktop\팀폴_c9\trunk\client\default\release\window_info.obj
c:\users\shinho\desktop\팀폴_c9\trunk\client\default\release\window_cancle.obj
c:\users\shinho\desktop\팀폴_c9\trunk\client\default\release\wind.obj
c:\users\shinho\desktop\팀폴_c9\trunk\client\default\release\whirlwind.obj
c:\users\shinho\desktop\팀폴_c9\trunk\client\default\release\wear_tooltip.obj
c:\users\shinho\desktop\팀폴_c9\trunk\client\default\release\weapon.obj
c:\users\shinho\desktop\팀폴_c9\trunk\client\default\release\wave.obj
c:\users\shinho\desktop\팀폴_c9\trunk\client\default\release\magma.obj
c:\users\shinho\desktop\팀폴_c9\trunk\client\bin\client.lib
c:\users\shinho\desktop\팀폴_c9\trunk\client\bin\client.exp
c:\users\shinho\desktop\팀폴_c9\trunk\client\bin\client.exe
c:\users\shinho\desktop\팀폴_c9\trunk\client\bin\client.ipdb
c:\users\shinho\desktop\팀폴_c9\trunk\client\bin\client.iobj
c:\users\shinho\desktop\팀폴_c9\trunk\client\bin\client.pdb
c:\users\shinho\desktop\팀폴_c9\trunk\client\default\release\client.res
c:\users\shinho\desktop\팀폴_c9\trunk\client\default\../bin\client.exe
c:\users\shinho\desktop\팀폴_c9\trunk\client\default\release\client.tlog\cl.command.1.tlog
c:\users\shinho\desktop\팀폴_c9\trunk\client\default\release\client.tlog\cl.read.1.tlog
c:\users\shinho\desktop\팀폴_c9\trunk\client\default\release\client.tlog\cl.write.1.tlog
c:\users\shinho\desktop\팀폴_c9\trunk\client\default\release\client.tlog\client.write.1u.tlog
c:\users\shinho\desktop\팀폴_c9\trunk\client\default\release\client.tlog\link.command.1.tlog
c:\users\shinho\desktop\팀폴_c9\trunk\client\default\release\client.tlog\link.read.1.tlog
c:\users\shinho\desktop\팀폴_c9\trunk\client\default\release\client.tlog\link.write.1.tlog
c:\users\shinho\desktop\팀폴_c9\trunk\client\default\release\client.tlog\rc.command.1.tlog
c:\users\shinho\desktop\팀폴_c9\trunk\client\default\release\client.tlog\rc.read.1.tlog
c:\users\shinho\desktop\팀폴_c9\trunk\client\default\release\client.tlog\rc.write.1.tlog
