c:\users\shinho\desktop\팀폴_c9\trunk\engine\system\default\debug\vc140.pdb
c:\users\shinho\desktop\팀폴_c9\trunk\engine\system\default\debug\vc140.idb
c:\users\shinho\desktop\팀폴_c9\trunk\engine\system\default\debug\font.obj
c:\users\shinho\desktop\팀폴_c9\trunk\engine\system\default\debug\font_manager.obj
c:\users\shinho\desktop\팀폴_c9\trunk\engine\system\default\debug\frame.obj
c:\users\shinho\desktop\팀폴_c9\trunk\engine\system\default\debug\frame_manager.obj
c:\users\shinho\desktop\팀폴_c9\trunk\engine\system\default\debug\graphicdev.obj
c:\users\shinho\desktop\팀폴_c9\trunk\engine\system\default\debug\input_device.obj
c:\users\shinho\desktop\팀폴_c9\trunk\engine\system\default\debug\timer.obj
c:\users\shinho\desktop\팀폴_c9\trunk\engine\system\default\debug\timer_manager.obj
c:\users\shinho\desktop\팀폴_c9\trunk\engine\system\bin\system.ilk
c:\users\shinho\desktop\팀폴_c9\trunk\engine\system\bin\system.dll
c:\users\shinho\desktop\팀폴_c9\trunk\engine\system\bin\system.pdb
c:\users\shinho\desktop\팀폴_c9\trunk\engine\system\bin\system.lib
c:\users\shinho\desktop\팀폴_c9\trunk\engine\system\bin\system.exp
c:\users\shinho\desktop\팀폴_c9\trunk\engine\system\default\../bin\system.dll
c:\users\shinho\desktop\팀폴_c9\trunk\engine\system\default\debug\system.tlog\cl.command.1.tlog
c:\users\shinho\desktop\팀폴_c9\trunk\engine\system\default\debug\system.tlog\cl.read.1.tlog
c:\users\shinho\desktop\팀폴_c9\trunk\engine\system\default\debug\system.tlog\cl.write.1.tlog
c:\users\shinho\desktop\팀폴_c9\trunk\engine\system\default\debug\system.tlog\link.command.1.tlog
c:\users\shinho\desktop\팀폴_c9\trunk\engine\system\default\debug\system.tlog\link.read.1.tlog
c:\users\shinho\desktop\팀폴_c9\trunk\engine\system\default\debug\system.tlog\link.write.1.tlog
c:\users\shinho\desktop\팀폴_c9\trunk\engine\system\default\debug\system.tlog\system.write.1u.tlog
