c:\users\shinho\desktop\팀폴_c9\trunk\engine\system\default\release\vc140.pdb
c:\users\shinho\desktop\팀폴_c9\trunk\engine\system\default\release\timer_manager.obj
c:\users\shinho\desktop\팀폴_c9\trunk\engine\system\default\release\timer.obj
c:\users\shinho\desktop\팀폴_c9\trunk\engine\system\default\release\input_device.obj
c:\users\shinho\desktop\팀폴_c9\trunk\engine\system\default\release\graphicdev.obj
c:\users\shinho\desktop\팀폴_c9\trunk\engine\system\default\release\frame_manager.obj
c:\users\shinho\desktop\팀폴_c9\trunk\engine\system\default\release\frame.obj
c:\users\shinho\desktop\팀폴_c9\trunk\engine\system\default\release\font_manager.obj
c:\users\shinho\desktop\팀폴_c9\trunk\engine\system\default\release\font.obj
c:\users\shinho\desktop\팀폴_c9\trunk\engine\system\bin\system.dll
c:\users\shinho\desktop\팀폴_c9\trunk\engine\system\bin\system.ipdb
c:\users\shinho\desktop\팀폴_c9\trunk\engine\system\bin\system.iobj
c:\users\shinho\desktop\팀폴_c9\trunk\engine\system\bin\system.pdb
c:\users\shinho\desktop\팀폴_c9\trunk\engine\system\bin\system.lib
c:\users\shinho\desktop\팀폴_c9\trunk\engine\system\bin\system.exp
c:\users\shinho\desktop\팀폴_c9\trunk\engine\system\default\../bin\system.dll
c:\users\shinho\desktop\팀폴_c9\trunk\engine\system\default\release\system.tlog\cl.command.1.tlog
c:\users\shinho\desktop\팀폴_c9\trunk\engine\system\default\release\system.tlog\cl.read.1.tlog
c:\users\shinho\desktop\팀폴_c9\trunk\engine\system\default\release\system.tlog\cl.write.1.tlog
c:\users\shinho\desktop\팀폴_c9\trunk\engine\system\default\release\system.tlog\link.command.1.tlog
c:\users\shinho\desktop\팀폴_c9\trunk\engine\system\default\release\system.tlog\link.read.1.tlog
c:\users\shinho\desktop\팀폴_c9\trunk\engine\system\default\release\system.tlog\link.write.1.tlog
c:\users\shinho\desktop\팀폴_c9\trunk\engine\system\default\release\system.tlog\system.write.1u.tlog
